<?xml version="1.0" encoding="UTF-8"?>
<testsuite xmlns:xsi="http://www.w3.org/2001/XMLSchema-instance" xsi:noNamespaceSchemaLocation="https://maven.apache.org/surefire/maven-surefire-plugin/xsd/surefire-test-report-3.0.xsd" version="3.0" name="TestSuite" time="331.63" tests="8" errors="0" skipped="0" failures="3">
  <properties>
[...]
</properties>
  <testcase name="Login" classname="Agencify.Login" time="42.903">
    <system-out><![CDATA[&amp#27;[35m[Appium]&amp#27;[39m Welcome to Appium v1.21.0
&amp#27;[35m[HTTP]&amp#27;[39m Could not start REST http interface listener. The requested port may already be in use. Please make sure there is no other instance of this server running already.
Fatal Error: listen EADDRINUSE: address already in use 0.0.0.0:4723
    at Server.setupListenHandle [as _listen2] (net.js:1320:16)
    at listenInCluster (net.js:1368:12)
    at doListen (net.js:1505:7)
    at processTicksAndRejections (internal/process/task_queues.js:83:21)
&amp#27;[35m[Appium]&amp#27;[39m Welcome to Appium v1.21.0
&amp#27;[35m[Appium]&amp#27;[39m Appium REST http interface listener started on 0.0.0.0:4723
[debug] &amp#27;[35m[HTTP]&amp#27;[39m Request idempotency key: a6d8baa4-b5ed-4fa7-92ad-4dc0b3bd998b
&amp#27;[35m[HTTP]&amp#27;[39m &amp#27;[37m-->&amp#27;[39m &amp#27;[37mPOST&amp#27;[39m &amp#27;[37m/wd/hub/session&amp#27;[39m
&amp#27;[35m[HTTP]&amp#27;[39m &amp#27;[90m{"desiredCapabilities":{"app":"C:\\Users\\John Mumo\\Desktop\\Agencify_App\\Agencify_App_Test\\src\\Agencify-universal-dev.apk","automationName":"uiautomator2","platformName":"Android","deviceName":"Android Device"},"capabilities":{"firstMatch":[{"appium:app":"C:\\Users\\John Mumo\\Desktop\\Agencify_App\\Agencify_App_Test\\src\\Agencify-universal-dev.apk","appium:automationName":"uiautomator2","appium:deviceName":"Android Device","platformName":"android"}]}}&amp#27;[39m
[debug] &amp#27;[35m[W3C]&amp#27;[39m Calling AppiumDriver.createSession() with args: [{"app":"C:\\Users\\John Mumo\\Desktop\\Agencify_App\\Agencify_App_Test\\src\\Agencify-universal-dev.apk","automationName":"uiautomator2","platformName":"Android","deviceName":"Android Device"},null,{"firstMatch":[{"appium:app":"C:\\Users\\John Mumo\\Desktop\\Agencify_App\\Agencify_App_Test\\src\\Agencify-universal-dev.apk","appium:automationName":"uiautomator2","appium:deviceName":"Android Device","platformName":"android"}]}]
[debug] &amp#27;[35m[BaseDriver]&amp#27;[39m Event 'newSessionRequested' logged at 1631533811486 (14:50:11 GMT+0300 (East Africa Time))
&amp#27;[35m[Appium]&amp#27;[39m Appium v1.21.0 creating new AndroidUiautomator2Driver (v1.65.0) session
[debug] &amp#27;[35m[BaseDriver]&amp#27;[39m W3C capabilities and MJSONWP desired capabilities were provided
[debug] &amp#27;[35m[BaseDriver]&amp#27;[39m Creating session with W3C capabilities: {
[debug] &amp#27;[35m[BaseDriver]&amp#27;[39m   "alwaysMatch": {
[debug] &amp#27;[35m[BaseDriver]&amp#27;[39m     "platformName": "android",
[debug] &amp#27;[35m[BaseDriver]&amp#27;[39m     "appium:app": "C:\\Users\\John Mumo\\Desktop\\Agencify_App\\Agencify_App_Test\\src\\Agencify-universal-dev.apk",
[debug] &amp#27;[35m[BaseDriver]&amp#27;[39m     "appium:automationName": "uiautomator2",
[debug] &amp#27;[35m[BaseDriver]&amp#27;[39m     "appium:deviceName": "Android Device"
[debug] &amp#27;[35m[BaseDriver]&amp#27;[39m   },
[debug] &amp#27;[35m[BaseDriver]&amp#27;[39m   "firstMatch": [
[debug] &amp#27;[35m[BaseDriver]&amp#27;[39m     {}
[debug] &amp#27;[35m[BaseDriver]&amp#27;[39m   ]
[debug] &amp#27;[35m[BaseDriver]&amp#27;[39m }
&amp#27;[35m[BaseDriver]&amp#27;[39m Session created with session id: 6d3c7c61-cbde-4799-be99-d7bef51c20db
&amp#27;[35m[BaseDriver]&amp#27;[39m Using local app 'C:\Users\John Mumo\Desktop\Agencify_App\Agencify_App_Test\src\Agencify-universal-dev.apk'
[debug] &amp#27;[35m[UiAutomator2]&amp#27;[39m Checking whether app is actually present
&amp#27;[35m[ADB]&amp#27;[39m Found 2 'build-tools' folders under 'C:\Users\John Mumo\AppData\Local\Android\Sdk' (newest first):
&amp#27;[35m[ADB]&amp#27;[39m     C:/Users/John Mumo/AppData/Local/Android/Sdk/build-tools/31.0.0
&amp#27;[35m[ADB]&amp#27;[39m     C:/Users/John Mumo/AppData/Local/Android/Sdk/build-tools/30.0.2
&amp#27;[35m[ADB]&amp#27;[39m Using 'adb.exe' from 'C:\Users\John Mumo\AppData\Local\Android\Sdk\platform-tools\adb.exe'
[debug] &amp#27;[35m[ADB]&amp#27;[39m Running 'C:\Users\John Mumo\AppData\Local\Android\Sdk\platform-tools\adb.exe -P 5037 start-server'
&amp#27;[35m[AndroidDriver]&amp#27;[39m Retrieving device list
[debug] &amp#27;[35m[ADB]&amp#27;[39m Trying to find a connected android device
[debug] &amp#27;[35m[ADB]&amp#27;[39m Getting connected devices
[debug] &amp#27;[35m[ADB]&amp#27;[39m Connected devices: [{"udid":"0329625863001980","state":"device"}]
&amp#27;[35m[AndroidDriver]&amp#27;[39m Using device: 0329625863001980
&amp#27;[35m[ADB]&amp#27;[39m Using 'adb.exe' from 'C:\Users\John Mumo\AppData\Local\Android\Sdk\platform-tools\adb.exe'
[debug] &amp#27;[35m[ADB]&amp#27;[39m Running 'C:\Users\John Mumo\AppData\Local\Android\Sdk\platform-tools\adb.exe -P 5037 start-server'
[debug] &amp#27;[35m[ADB]&amp#27;[39m Setting device id to 0329625863001980
[debug] &amp#27;[35m[ADB]&amp#27;[39m Running 'C:\Users\John Mumo\AppData\Local\Android\Sdk\platform-tools\adb.exe -P 5037 -s 0329625863001980 shell getprop ro.build.version.sdk'
[debug] &amp#27;[35m[ADB]&amp#27;[39m Current device property 'ro.build.version.sdk': 27
[debug] &amp#27;[35m[ADB]&amp#27;[39m Device API level: 27
[debug] &amp#27;[35m[AndroidDriver]&amp#27;[39m Parsing package and activity from app manifest
&amp#27;[35m[ADB]&amp#27;[39m Package name: 'com.turnkeyafrica.agencify'
&amp#27;[35m[ADB]&amp#27;[39m Main activity name: 'com.turnkeyafrica.agencify.ui.splash.Splash'
[debug] &amp#27;[35m[AndroidDriver]&amp#27;[39m Parsed package and activity are: com.turnkeyafrica.agencify/com.turnkeyafrica.agencify.ui.splash.Splash
[debug] &amp#27;[35m[ADB]&amp#27;[39m Running 'C:\Users\John Mumo\AppData\Local\Android\Sdk\platform-tools\adb.exe -P 5037 -s 0329625863001980 wait-for-device'
[debug] &amp#27;[35m[ADB]&amp#27;[39m Running 'C:\Users\John Mumo\AppData\Local\Android\Sdk\platform-tools\adb.exe -P 5037 -s 0329625863001980 shell echo ping'
[debug] &amp#27;[35m[AndroidDriver]&amp#27;[39m Pushing settings apk to device...
[debug] &amp#27;[35m[ADB]&amp#27;[39m Getting install status for io.appium.settings
[debug] &amp#27;[35m[ADB]&amp#27;[39m Running 'C:\Users\John Mumo\AppData\Local\Android\Sdk\platform-tools\adb.exe -P 5037 -s 0329625863001980 shell dumpsys package io.appium.settings'
[debug] &amp#27;[35m[ADB]&amp#27;[39m 'io.appium.settings' is installed
[debug] &amp#27;[35m[ADB]&amp#27;[39m Getting package info for 'io.appium.settings'
[debug] &amp#27;[35m[ADB]&amp#27;[39m Running 'C:\Users\John Mumo\AppData\Local\Android\Sdk\platform-tools\adb.exe -P 5037 -s 0329625863001980 shell dumpsys package io.appium.settings'
[debug] &amp#27;[35m[ADB]&amp#27;[39m The version name of the installed 'io.appium.settings' is greater or equal to the application version name ('3.3.0' >= '3.3.0')
[debug] &amp#27;[35m[ADB]&amp#27;[39m There is no need to install/upgrade 'C:\Users\John Mumo\AppData\Roaming\npm\node_modules\appium\node_modules\io.appium.settings\apks\settings_apk-debug.apk'
[debug] &amp#27;[35m[ADB]&amp#27;[39m Getting IDs of all 'io.appium.settings' processes
[debug] &amp#27;[35m[ADB]&amp#27;[39m Running 'C:\Users\John Mumo\AppData\Local\Android\Sdk\platform-tools\adb.exe -P 5037 -s 0329625863001980 shell 'pgrep --help; echo $?''
[debug] &amp#27;[35m[ADB]&amp#27;[39m Running 'C:\Users\John Mumo\AppData\Local\Android\Sdk\platform-tools\adb.exe -P 5037 -s 0329625863001980 shell pgrep -f \(\[\[:blank:\]\]\|\^\)io\.appium\.settings\(\[\[:blank:\]\]\|\$\)'
[debug] &amp#27;[35m[ADB]&amp#27;[39m Getting IDs of all 'io.appium.settings' processes
[debug] &amp#27;[35m[ADB]&amp#27;[39m Running 'C:\Users\John Mumo\AppData\Local\Android\Sdk\platform-tools\adb.exe -P 5037 -s 0329625863001980 shell pgrep -f \(\[\[:blank:\]\]\|\^\)io\.appium\.settings\(\[\[:blank:\]\]\|\$\)'
[debug] &amp#27;[35m[ADB]&amp#27;[39m Starting Appium Settings app
[debug] &amp#27;[35m[ADB]&amp#27;[39m Running 'C:\Users\John Mumo\AppData\Local\Android\Sdk\platform-tools\adb.exe -P 5037 -s 0329625863001980 shell am start -n io.appium.settings/.Settings -a android.intent.action.MAIN -c android.intent.category.LAUNCHER'
[debug] &amp#27;[35m[ADB]&amp#27;[39m Getting IDs of all 'io.appium.settings' processes
[debug] &amp#27;[35m[ADB]&amp#27;[39m Running 'C:\Users\John Mumo\AppData\Local\Android\Sdk\platform-tools\adb.exe -P 5037 -s 0329625863001980 shell pgrep -f \(\[\[:blank:\]\]\|\^\)io\.appium\.settings\(\[\[:blank:\]\]\|\$\)'
[debug] &amp#27;[35m[ADB]&amp#27;[39m Getting IDs of all 'io.appium.settings' processes
[debug] &amp#27;[35m[ADB]&amp#27;[39m Running 'C:\Users\John Mumo\AppData\Local\Android\Sdk\platform-tools\adb.exe -P 5037 -s 0329625863001980 shell pgrep -f \(\[\[:blank:\]\]\|\^\)io\.appium\.settings\(\[\[:blank:\]\]\|\$\)'
[debug] &amp#27;[35m[ADB]&amp#27;[39m Running 'C:\Users\John Mumo\AppData\Local\Android\Sdk\platform-tools\adb.exe -P 5037 -s 0329625863001980 shell appops set io.appium.settings android:mock_location allow'
[debug] &amp#27;[35m[Logcat]&amp#27;[39m Starting logs capture with command: 'C:\\Users\\John Mumo\\AppData\\Local\\Android\\Sdk\\platform-tools\\adb.exe' -P 5037 -s 0329625863001980 logcat -v threadtime
[debug] &amp#27;[35m[UiAutomator2]&amp#27;[39m Forwarding UiAutomator2 Server port 6790 to local port 8200
[debug] &amp#27;[35m[ADB]&amp#27;[39m Forwarding system: 8200 to device: 6790
[debug] &amp#27;[35m[ADB]&amp#27;[39m Running 'C:\Users\John Mumo\AppData\Local\Android\Sdk\platform-tools\adb.exe -P 5037 -s 0329625863001980 forward tcp:8200 tcp:6790'
[debug] &amp#27;[35m[ADB]&amp#27;[39m Getting install status for io.appium.uiautomator2.server
[debug] &amp#27;[35m[ADB]&amp#27;[39m Running 'C:\Users\John Mumo\AppData\Local\Android\Sdk\platform-tools\adb.exe -P 5037 -s 0329625863001980 shell dumpsys package io.appium.uiautomator2.server'
[debug] &amp#27;[35m[ADB]&amp#27;[39m 'io.appium.uiautomator2.server' is installed
[debug] &amp#27;[35m[ADB]&amp#27;[39m Getting package info for 'io.appium.uiautomator2.server'
[debug] &amp#27;[35m[ADB]&amp#27;[39m Running 'C:\Users\John Mumo\AppData\Local\Android\Sdk\platform-tools\adb.exe -P 5037 -s 0329625863001980 shell dumpsys package io.appium.uiautomator2.server'
[debug] &amp#27;[35m[ADB]&amp#27;[39m The version name of the installed 'io.appium.uiautomator2.server' is greater or equal to the application version name ('4.21.1' >= '4.21.1')
[debug] &amp#27;[35m[UiAutomator2]&amp#27;[39m io.appium.uiautomator2.server installation state: sameVersionInstalled
[debug] &amp#27;[35m[ADB]&amp#27;[39m Checking app cert for C:\Users\John Mumo\AppData\Roaming\npm\node_modules\appium\node_modules\appium-uiautomator2-server\apks\appium-uiautomator2-server-v4.21.1.apk
&amp#27;[35m[ADB]&amp#27;[39m Using 'apksigner.jar' from 'C:\Users\John Mumo\AppData\Local\Android\Sdk\build-tools\31.0.0\lib\apksigner.jar'
[debug] &amp#27;[35m[ADB]&amp#27;[39m Starting apksigner: 'C:\\Program Files\\Java\\jdk1.8.0_301\\bin\\java.exe' -Xmx1024M -Xss1m -jar 'C:\\Users\\John Mumo\\AppData\\Local\\Android\\Sdk\\build-tools\\31.0.0\\lib\\apksigner.jar' verify --print-certs 'C:\\Users\\John Mumo\\AppData\\Roaming\\npm\\node_modules\\appium\\node_modules\\appium-uiautomator2-server\\apks\\appium-uiautomator2-server-v4.21.1.apk'
[debug] &amp#27;[35m[ADB]&amp#27;[39m apksigner stdout: Signer #1 certificate DN: EMAILADDRESS=android@android.com, CN=Android, OU=Android, O=Android, L=Mountain View, ST=California, C=US
[debug] &amp#27;[35m[ADB]&amp#27;[39m Signer #1 certificate SHA-256 digest: a40da80a59d170caa950cf15c18c454d47a39b26989d8b640ecd745ba71bf5dc
[debug] &amp#27;[35m[ADB]&amp#27;[39m Signer #1 certificate SHA-1 digest: 61ed377e85d386a8dfee6b864bd85b0bfaa5af81
[debug] &amp#27;[35m[ADB]&amp#27;[39m Signer #1 certificate MD5 digest: e89b158e4bcf988ebd09eb83f5378e87
[debug] &amp#27;[35m[ADB]&amp#27;[39m 
[debug] &amp#27;[35m[ADB]&amp#27;[39m sha256 hash did match for 'appium-uiautomator2-server-v4.21.1.apk'
&amp#27;[35m[ADB]&amp#27;[39m 'C:\Users\John Mumo\AppData\Roaming\npm\node_modules\appium\node_modules\appium-uiautomator2-server\apks\appium-uiautomator2-server-v4.21.1.apk' is signed with the default certificate
[debug] &amp#27;[35m[ADB]&amp#27;[39m Getting install status for io.appium.uiautomator2.server.test
[debug] &amp#27;[35m[ADB]&amp#27;[39m Running 'C:\Users\John Mumo\AppData\Local\Android\Sdk\platform-tools\adb.exe -P 5037 -s 0329625863001980 shell dumpsys package io.appium.uiautomator2.server.test'
[debug] &amp#27;[35m[ADB]&amp#27;[39m 'io.appium.uiautomator2.server.test' is installed
[debug] &amp#27;[35m[ADB]&amp#27;[39m Checking app cert for C:\Users\John Mumo\AppData\Roaming\npm\node_modules\appium\node_modules\appium-uiautomator2-server\apks\appium-uiautomator2-server-debug-androidTest.apk
[debug] &amp#27;[35m[ADB]&amp#27;[39m Starting apksigner: 'C:\\Program Files\\Java\\jdk1.8.0_301\\bin\\java.exe' -Xmx1024M -Xss1m -jar 'C:\\Users\\John Mumo\\AppData\\Local\\Android\\Sdk\\build-tools\\31.0.0\\lib\\apksigner.jar' verify --print-certs 'C:\\Users\\John Mumo\\AppData\\Roaming\\npm\\node_modules\\appium\\node_modules\\appium-uiautomator2-server\\apks\\appium-uiautomator2-server-debug-androidTest.apk'
[debug] &amp#27;[35m[ADB]&amp#27;[39m apksigner stdout: Signer #1 certificate DN: EMAILADDRESS=android@android.com, CN=Android, OU=Android, O=Android, L=Mountain View, ST=California, C=US
[debug] &amp#27;[35m[ADB]&amp#27;[39m Signer #1 certificate SHA-256 digest: a40da80a59d170caa950cf15c18c454d47a39b26989d8b640ecd745ba71bf5dc
[debug] &amp#27;[35m[ADB]&amp#27;[39m Signer #1 certificate SHA-1 digest: 61ed377e85d386a8dfee6b864bd85b0bfaa5af81
[debug] &amp#27;[35m[ADB]&amp#27;[39m Signer #1 certificate MD5 digest: e89b158e4bcf988ebd09eb83f5378e87
[debug] &amp#27;[35m[ADB]&amp#27;[39m 
[debug] &amp#27;[35m[ADB]&amp#27;[39m sha256 hash did match for 'appium-uiautomator2-server-debug-androidTest.apk'
&amp#27;[35m[ADB]&amp#27;[39m 'C:\Users\John Mumo\AppData\Roaming\npm\node_modules\appium\node_modules\appium-uiautomator2-server\apks\appium-uiautomator2-server-debug-androidTest.apk' is signed with the default certificate
&amp#27;[35m[UiAutomator2]&amp#27;[39m Server packages are not going to be (re)installed
[debug] &amp#27;[35m[UiAutomator2]&amp#27;[39m Waiting up to 30000ms for services to be available
[debug] &amp#27;[35m[ADB]&amp#27;[39m Running 'C:\Users\John Mumo\AppData\Local\Android\Sdk\platform-tools\adb.exe -P 5037 -s 0329625863001980 shell pm list instrumentation'
[debug] &amp#27;[35m[UiAutomator2]&amp#27;[39m Instrumentation target 'io.appium.uiautomator2.server.test/androidx.test.runner.AndroidJUnitRunner' is available
&amp#27;[35m[ADB]&amp#27;[39m Adding packages ["io.appium.settings","io.appium.uiautomator2.server","io.appium.uiautomator2.server.test"] to Doze whitelist
[debug] &amp#27;[35m[ADB]&amp#27;[39m Got the following command chunks to execute: [["dumpsys","deviceidle","whitelist","+io.appium.settings",";","dumpsys","deviceidle","whitelist","+io.appium.uiautomator2.server",";","dumpsys","deviceidle","whitelist","+io.appium.uiautomator2.server.test",";"]]
[debug] &amp#27;[35m[ADB]&amp#27;[39m Running 'C:\Users\John Mumo\AppData\Local\Android\Sdk\platform-tools\adb.exe -P 5037 -s 0329625863001980 shell dumpsys deviceidle whitelist +io.appium.settings ; dumpsys deviceidle whitelist +io.appium.uiautomator2.server ; dumpsys deviceidle whitelist +io.appium.uiautomator2.server.test ;'
[debug] &amp#27;[35m[ADB]&amp#27;[39m Checking app cert for C:\Users\John Mumo\Desktop\Agencify_App\Agencify_App_Test\src\Agencify-universal-dev.apk
[debug] &amp#27;[35m[ADB]&amp#27;[39m Starting apksigner: 'C:\\Program Files\\Java\\jdk1.8.0_301\\bin\\java.exe' -Xmx1024M -Xss1m -jar 'C:\\Users\\John Mumo\\AppData\\Local\\Android\\Sdk\\build-tools\\31.0.0\\lib\\apksigner.jar' verify --print-certs 'C:\\Users\\John Mumo\\Desktop\\Agencify_App\\Agencify_App_Test\\src\\Agencify-universal-dev.apk'
[debug] &amp#27;[35m[ADB]&amp#27;[39m apksigner stdout: Signer #1 certificate DN: CN=Kelvin Macharia, OU=1, O=Turnkey Africa Ltd, L=Nairobi, ST=Nairobi, C=254
[debug] &amp#27;[35m[ADB]&amp#27;[39m Signer #1 certificate SHA-256 digest: bea01f45993c5444da0c012e5d2217651ee76b2920c5b0e47f40ddfcfb87035a
[debug] &amp#27;[35m[ADB]&amp#27;[39m Signer #1 certificate SHA-1 digest: 4294fd12d78ada03cb413c6008895e8972c7740b
[debug] &amp#27;[35m[ADB]&amp#27;[39m Signer #1 certificate MD5 digest: b5678b443b80dfdec285fc9379bf8baf
[debug] &amp#27;[35m[ADB]&amp#27;[39m 
&amp#27;[35m[ADB]&amp#27;[39m 'C:\Users\John Mumo\Desktop\Agencify_App\Agencify_App_Test\src\Agencify-universal-dev.apk' is signed with a non-default certificate
[debug] &amp#27;[35m[ADB]&amp#27;[39m Getting install status for com.turnkeyafrica.agencify
[debug] &amp#27;[35m[ADB]&amp#27;[39m Running 'C:\Users\John Mumo\AppData\Local\Android\Sdk\platform-tools\adb.exe -P 5037 -s 0329625863001980 shell dumpsys package com.turnkeyafrica.agencify'
[debug] &amp#27;[35m[ADB]&amp#27;[39m 'com.turnkeyafrica.agencify' is installed
[debug] &amp#27;[35m[ADB]&amp#27;[39m Getting package info for 'com.turnkeyafrica.agencify'
[debug] &amp#27;[35m[ADB]&amp#27;[39m Running 'C:\Users\John Mumo\AppData\Local\Android\Sdk\platform-tools\adb.exe -P 5037 -s 0329625863001980 shell dumpsys package com.turnkeyafrica.agencify'
[debug] &amp#27;[35m[ADB]&amp#27;[39m The version code of the installed 'com.turnkeyafrica.agencify' is greater than the application version code (96 > 95)
[debug] &amp#27;[35m[ADB]&amp#27;[39m There is no need to downgrade 'com.turnkeyafrica.agencify'
&amp#27;[35m[AndroidDriver]&amp#27;[39m Performing fast reset on 'com.turnkeyafrica.agencify'
[debug] &amp#27;[35m[ADB]&amp#27;[39m Getting install status for com.turnkeyafrica.agencify
[debug] &amp#27;[35m[ADB]&amp#27;[39m Running 'C:\Users\John Mumo\AppData\Local\Android\Sdk\platform-tools\adb.exe -P 5037 -s 0329625863001980 shell dumpsys package com.turnkeyafrica.agencify'
[debug] &amp#27;[35m[ADB]&amp#27;[39m 'com.turnkeyafrica.agencify' is installed
[debug] &amp#27;[35m[ADB]&amp#27;[39m Running 'C:\Users\John Mumo\AppData\Local\Android\Sdk\platform-tools\adb.exe -P 5037 -s 0329625863001980 shell am force-stop com.turnkeyafrica.agencify'
[debug] &amp#27;[35m[ADB]&amp#27;[39m Running 'C:\Users\John Mumo\AppData\Local\Android\Sdk\platform-tools\adb.exe -P 5037 -s 0329625863001980 shell pm clear com.turnkeyafrica.agencify'
[debug] &amp#27;[35m[AndroidDriver]&amp#27;[39m Performed fast reset on the installed 'com.turnkeyafrica.agencify' application (stop and clear)
[debug] &amp#27;[35m[UiAutomator2]&amp#27;[39m Performing shallow cleanup of automation leftovers
[debug] &amp#27;[35m[UiAutomator2]&amp#27;[39m No obsolete sessions have been detected (socket hang up)
[debug] &amp#27;[35m[ADB]&amp#27;[39m Running 'C:\Users\John Mumo\AppData\Local\Android\Sdk\platform-tools\adb.exe -P 5037 -s 0329625863001980 shell am force-stop io.appium.uiautomator2.server.test'
&amp#27;[35m[UiAutomator2]&amp#27;[39m Starting UIAutomator2 server 4.21.1
&amp#27;[35m[UiAutomator2]&amp#27;[39m Using UIAutomator2 server from 'C:\Users\John Mumo\AppData\Roaming\npm\node_modules\appium\node_modules\appium-uiautomator2-server\apks\appium-uiautomator2-server-v4.21.1.apk' and test from 'C:\Users\John Mumo\AppData\Roaming\npm\node_modules\appium\node_modules\appium-uiautomator2-server\apks\appium-uiautomator2-server-debug-androidTest.apk'
&amp#27;[35m[UiAutomator2]&amp#27;[39m Waiting up to 30000ms for UiAutomator2 to be online...
[debug] &amp#27;[35m[ADB]&amp#27;[39m Creating ADB subprocess with args: ["-P",5037,"-s","0329625863001980","shell","am","instrument","-w","-e","disableAnalytics",true,"io.appium.uiautomator2.server.test/androidx.test.runner.AndroidJUnitRunner"]
[debug] &amp#27;[35m[WD Proxy]&amp#27;[39m Matched '/status' to command name 'getStatus'
[debug] &amp#27;[35m[WD Proxy]&amp#27;[39m Proxying [GET /status] to [GET http://127.0.0.1:8200/wd/hub/status] with no body
&amp#27;[35m[WD Proxy]&amp#27;[39m socket hang up
[debug] &amp#27;[35m[WD Proxy]&amp#27;[39m Matched '/status' to command name 'getStatus'
[debug] &amp#27;[35m[WD Proxy]&amp#27;[39m Proxying [GET /status] to [GET http://127.0.0.1:8200/wd/hub/status] with no body
&amp#27;[35m[WD Proxy]&amp#27;[39m socket hang up
[debug] &amp#27;[35m[WD Proxy]&amp#27;[39m Matched '/status' to command name 'getStatus'
[debug] &amp#27;[35m[WD Proxy]&amp#27;[39m Proxying [GET /status] to [GET http://127.0.0.1:8200/wd/hub/status] with no body
&amp#27;[35m[WD Proxy]&amp#27;[39m socket hang up
[debug] &amp#27;[35m[Instrumentation]&amp#27;[39m io.appium.uiautomator2.server.test.AppiumUiAutomator2Server:
[debug] &amp#27;[35m[WD Proxy]&amp#27;[39m Matched '/status' to command name 'getStatus'
[debug] &amp#27;[35m[WD Proxy]&amp#27;[39m Proxying [GET /status] to [GET http://127.0.0.1:8200/wd/hub/status] with no body
&amp#27;[35m[WD Proxy]&amp#27;[39m socket hang up
[debug] &amp#27;[35m[WD Proxy]&amp#27;[39m Matched '/status' to command name 'getStatus'
[debug] &amp#27;[35m[WD Proxy]&amp#27;[39m Proxying [GET /status] to [GET http://127.0.0.1:8200/wd/hub/status] with no body
[debug] &amp#27;[35m[WD Proxy]&amp#27;[39m Got response with status 200: {"sessionId":"None","value":{"message":"UiAutomator2 Server is ready to accept commands","ready":true}}
[debug] &amp#27;[35m[UiAutomator2]&amp#27;[39m The initialization of the instrumentation process took 4233ms
[debug] &amp#27;[35m[WD Proxy]&amp#27;[39m Matched '/session' to command name 'createSession'
[debug] &amp#27;[35m[WD Proxy]&amp#27;[39m Proxying [POST /session] to [POST http://127.0.0.1:8200/wd/hub/session] with body: {"capabilities":{"firstMatch":[{"platform":"LINUX","webStorageEnabled":false,"takesScreenshot":true,"javascriptEnabled":true,"databaseEnabled":false,"networkConnectionEnabled":true,"locationContextEnabled":false,"warnings":{},"desired":{"platformName":"android","app":"C:\\Users\\John Mumo\\Desktop\\Agencify_App\\Agencify_App_Test\\src\\Agencify-universal-dev.apk","automationName":"uiautomator2","deviceName":"Android Device"},"platformName":"android","app":"C:\\Users\\John Mumo\\Desktop\\Agencify_App\\Agencify_App_Test\\src\\Agencify-universal-dev.apk","automationName":"uiautomator2","deviceName":"0329625863001980","deviceUDID":"0329625863001980","appPackage":"com.turnkeyafrica.agencify"}],"alwaysMatch":{}}}
[debug] &amp#27;[35m[WD Proxy]&amp#27;[39m Got response with status 200: {"sessionId":"9be4f84e-4ba2-444b-b9a4-2a0c35e87af1","value":{"capabilities":{"firstMatch":[{"platform":"LINUX","webStorageEnabled":false,"takesScreenshot":true,"javascriptEnabled":true,"databaseEnabled":false,"networkConnectionEnabled":true,"locationContextEnabled":false,"warnings":{},"desired":{"platformName":"android","app":"C:\\Users\\John Mumo\\Desktop\\Agencify_App\\Agencify_App_Test\\src\\Agencify-universal-dev.apk","automationName":"uiautomator2","deviceName":"Android Device"},"platformName":"android","app":"C:\\Users\\John Mumo\\Desktop\\Agencify_App\\Agencify_App_Test\\src\\Agencify-universal-dev.apk","automationName":"uiautomator2","deviceName":"0329625863001980","deviceUDID":"0329625863001980","appPackage":"com.turnkeyafrica.agencify"}],"alwaysMatch":{}},"sessionId":"9be4f84e-4ba2-444b-b9a4-2a0c35e87af1"}}
&amp#27;[35m[WD Proxy]&amp#27;[39m Determined the downstream protocol as 'W3C'
[debug] &amp#27;[35m[WD Proxy]&amp#27;[39m Proxying [GET /appium/device/info] to [GET http://127.0.0.1:8200/wd/hub/session/9be4f84e-4ba2-444b-b9a4-2a0c35e87af1/appium/device/info] with no body
[debug] &amp#27;[35m[WD Proxy]&amp#27;[39m Got response with status 200: {"sessionId":"9be4f84e-4ba2-444b-b9a4-2a0c35e87af1","value":{"androidId":"2d21e1b2791b275f","apiVersion":"27","bluetooth":{"state":"OFF"},"brand":"TECNO","carrierName":"Safaricom","displayDensity":320,"locale":"en_US","manufacturer":"TECNO MOBILE LIMITED","model":"TECNO CA7","networks":[{"capabilities":{"SSID":null,"linkDownBandwidthKbps":1048576,"linkUpstreamBandwidthKbps":1048576,"networkCapabilities":"NET_CAPABILITY_NOT_METERED,NET_CAPABILITY_INTERNET,NET_CAPABILITY_NOT_RESTRICTED,NET_CAPABILITY_TRUSTED,NET_CAPABILITY_NOT_VPN,NET_CAPABILITY_VALIDATED,NET_CAPABILITY_NOT_ROAMING","signalStrength":-50,"transportTypes":"TRANSPORT_WIFI"},"detailedState":"CONNECTED","extraInfo":"\"Mumo\"","isAvailable":true,"isConnected":true,"isFailover":false,"isRoaming":false,"state":"CONNECTED","subtype":0,"subtypeName":"","type":1,"typeName":"WIFI"}],"platformVersion":"8.1.0","realDisplaySize":"720x1440","timeZone":"Africa/Nairobi"}}
[debug] &amp#27;[35m[ADB]&amp#27;[39m Running 'C:\Users\John Mumo\AppData\Local\Android\Sdk\platform-tools\adb.exe -P 5037 -s 0329625863001980 shell dumpsys window'
&amp#27;[35m[AndroidDriver]&amp#27;[39m Screen already unlocked, doing nothing
&amp#27;[35m[UiAutomator2]&amp#27;[39m Starting 'com.turnkeyafrica.agencify/com.turnkeyafrica.agencify.ui.splash.Splash and waiting for 'com.turnkeyafrica.agencify/com.turnkeyafrica.agencify.ui.splash.Splash'
[debug] &amp#27;[35m[ADB]&amp#27;[39m Running 'C:\Users\John Mumo\AppData\Local\Android\Sdk\platform-tools\adb.exe -P 5037 -s 0329625863001980 shell am start -W -n com.turnkeyafrica.agencify/com.turnkeyafrica.agencify.ui.splash.Splash -S -a android.intent.action.MAIN -c android.intent.category.LAUNCHER -f 0x10200000'
[debug] &amp#27;[35m[ADB]&amp#27;[39m Waiting up to 20000ms for activity matching pkg: 'com.turnkeyafrica.agencify' and activity: 'com.turnkeyafrica.agencify.ui.splash.Splash' to be focused
[debug] &amp#27;[35m[ADB]&amp#27;[39m Possible activities, to be checked: 'com.turnkeyafrica.agencify.ui.splash.Splash', 'com.turnkeyafrica.agencify.com.turnkeyafrica.agencify.ui.splash.Splash'
[debug] &amp#27;[35m[ADB]&amp#27;[39m Getting focused package and activity
[debug] &amp#27;[35m[ADB]&amp#27;[39m Running 'C:\Users\John Mumo\AppData\Local\Android\Sdk\platform-tools\adb.exe -P 5037 -s 0329625863001980 shell dumpsys window windows'
[debug] &amp#27;[35m[ADB]&amp#27;[39m Found package: 'com.turnkeyafrica.agencify' and fully qualified activity name : 'com.turnkeyafrica.agencify.ui.splash.Splash'
[debug] &amp#27;[35m[WD Proxy]&amp#27;[39m Proxying [GET /appium/device/pixel_ratio] to [GET http://127.0.0.1:8200/wd/hub/session/9be4f84e-4ba2-444b-b9a4-2a0c35e87af1/appium/device/pixel_ratio] with no body
[debug] &amp#27;[35m[WD Proxy]&amp#27;[39m Got response with status 200: {"sessionId":"9be4f84e-4ba2-444b-b9a4-2a0c35e87af1","value":2}
[debug] &amp#27;[35m[WD Proxy]&amp#27;[39m Matched '/appium/device/system_bars' to command name 'getSystemBars'
[debug] &amp#27;[35m[WD Proxy]&amp#27;[39m Proxying [GET /appium/device/system_bars] to [GET http://127.0.0.1:8200/wd/hub/session/9be4f84e-4ba2-444b-b9a4-2a0c35e87af1/appium/device/system_bars] with no body
[debug] &amp#27;[35m[WD Proxy]&amp#27;[39m Got response with status 200: {"sessionId":"9be4f84e-4ba2-444b-b9a4-2a0c35e87af1","value":{"statusBar":48}}
[debug] &amp#27;[35m[WD Proxy]&amp#27;[39m Matched '/window/current/size' to command name 'getWindowSize'
[debug] &amp#27;[35m[WD Proxy]&amp#27;[39m Proxying [GET /window/current/size] to [GET http://127.0.0.1:8200/wd/hub/session/9be4f84e-4ba2-444b-b9a4-2a0c35e87af1/window/current/size] with no body
[debug] &amp#27;[35m[WD Proxy]&amp#27;[39m Got response with status 200: {"sessionId":"9be4f84e-4ba2-444b-b9a4-2a0c35e87af1","value":{"height":1344,"width":720}}
&amp#27;[35m[Appium]&amp#27;[39m New AndroidUiautomator2Driver session created successfully, session 6d3c7c61-cbde-4799-be99-d7bef51c20db added to master session list
[debug] &amp#27;[35m[BaseDriver]&amp#27;[39m Event 'newSessionStarted' logged at 1631533828707 (14:50:28 GMT+0300 (East Africa Time))
[debug] &amp#27;[35m[W3C (6d3c7c61)]&amp#27;[39m Cached the protocol value 'W3C' for the new session 6d3c7c61-cbde-4799-be99-d7bef51c20db
[debug] &amp#27;[35m[W3C (6d3c7c61)]&amp#27;[39m Responding to client with driver.createSession() result: {"capabilities":{"platform":"LINUX","webStorageEnabled":false,"takesScreenshot":true,"javascriptEnabled":true,"databaseEnabled":false,"networkConnectionEnabled":true,"locationContextEnabled":false,"warnings":{},"desired":{"platformName":"android","app":"C:\\Users\\John Mumo\\Desktop\\Agencify_App\\Agencify_App_Test\\src\\Agencify-universal-dev.apk","automationName":"uiautomator2","deviceName":"Android Device"},"platformName":"android","app":"C:\\Users\\John Mumo\\Desktop\\Agencify_App\\Agencify_App_Test\\src\\Agencify-universal-dev.apk","automationName":"uiautomator2","deviceName":"0329625863001980","deviceUDID":"0329625863001980","appPackage":"com.turnkeyafrica.agencify","deviceApiLevel":27,"platformVersion":"8.1.0","deviceScreenSize":"720x1440","deviceScreenDensity":320,"deviceModel":"TECNO CA7","deviceManufacturer":"TECNO MOBILE LIMITED","pixelRatio":2,"statBarHeight":48,"viewportRect":{"left":0,"top":48,"width":720,"height":1296}}}
&amp#27;[35m[HTTP]&amp#27;[39m &amp#27;[37m<-- POST /wd/hub/session &amp#27;[39m&amp#27;[32m200&amp#27;[39m &amp#27;[90m17234 ms - 1010&amp#27;[39m
&amp#27;[35m[HTTP]&amp#27;[39m &amp#27;[90m&amp#27;[39m
&amp#27;[35m[HTTP]&amp#27;[39m &amp#27;[37m-->&amp#27;[39m &amp#27;[37mPOST&amp#27;[39m &amp#27;[37m/wd/hub/session/6d3c7c61-cbde-4799-be99-d7bef51c20db/timeouts&amp#27;[39m
&amp#27;[35m[HTTP]&amp#27;[39m &amp#27;[90m{"implicit":20000}&amp#27;[39m
[debug] &amp#27;[35m[W3C (6d3c7c61)]&amp#27;[39m Calling AppiumDriver.timeouts() with args: [null,null,null,null,20000,"6d3c7c61-cbde-4799-be99-d7bef51c20db"]
[debug] &amp#27;[35m[BaseDriver]&amp#27;[39m W3C timeout argument: {"implicit":20000}}
[debug] &amp#27;[35m[BaseDriver]&amp#27;[39m Set implicit wait to 20000ms
[debug] &amp#27;[35m[W3C (6d3c7c61)]&amp#27;[39m Responding to client with driver.timeouts() result: null
&amp#27;[35m[HTTP]&amp#27;[39m &amp#27;[37m<-- POST /wd/hub/session/6d3c7c61-cbde-4799-be99-d7bef51c20db/timeouts &amp#27;[39m&amp#27;[32m200&amp#27;[39m &amp#27;[90m8 ms - 14&amp#27;[39m
&amp#27;[35m[HTTP]&amp#27;[39m &amp#27;[90m&amp#27;[39m
&amp#27;[35m[HTTP]&amp#27;[39m &amp#27;[37m-->&amp#27;[39m &amp#27;[37mGET&amp#27;[39m &amp#27;[37m/wd/hub/session/6d3c7c61-cbde-4799-be99-d7bef51c20db/context&amp#27;[39m
&amp#27;[35m[HTTP]&amp#27;[39m &amp#27;[90m{}&amp#27;[39m
[debug] &amp#27;[35m[W3C (6d3c7c61)]&amp#27;[39m Calling AppiumDriver.getCurrentContext() with args: ["6d3c7c61-cbde-4799-be99-d7bef51c20db"]
[debug] &amp#27;[35m[W3C (6d3c7c61)]&amp#27;[39m Responding to client with driver.getCurrentContext() result: "NATIVE_APP"
&amp#27;[35m[HTTP]&amp#27;[39m &amp#27;[37m<-- GET /wd/hub/session/6d3c7c61-cbde-4799-be99-d7bef51c20db/context &amp#27;[39m&amp#27;[32m200&amp#27;[39m &amp#27;[90m9 ms - 22&amp#27;[39m
&amp#27;[35m[HTTP]&amp#27;[39m &amp#27;[90m&amp#27;[39m
&amp#27;[35m[HTTP]&amp#27;[39m &amp#27;[37m-->&amp#27;[39m &amp#27;[37mPOST&amp#27;[39m &amp#27;[37m/wd/hub/session/6d3c7c61-cbde-4799-be99-d7bef51c20db/element&amp#27;[39m
&amp#27;[35m[HTTP]&amp#27;[39m &amp#27;[90m{"using":"xpath","value":"//*[@text = 'Login']"}&amp#27;[39m
[debug] &amp#27;[35m[W3C (6d3c7c61)]&amp#27;[39m Calling AppiumDriver.findElement() with args: ["xpath","//*[@text = 'Login']","6d3c7c61-cbde-4799-be99-d7bef51c20db"]
[debug] &amp#27;[35m[BaseDriver]&amp#27;[39m Valid locator strategies for this request: xpath, id, class name, accessibility id, css selector, -android uiautomator
[debug] &amp#27;[35m[BaseDriver]&amp#27;[39m Waiting up to 20000 ms for condition
[debug] &amp#27;[35m[WD Proxy]&amp#27;[39m Matched '/element' to command name 'findElement'
[debug] &amp#27;[35m[WD Proxy]&amp#27;[39m Proxying [POST /element] to [POST http://127.0.0.1:8200/wd/hub/session/9be4f84e-4ba2-444b-b9a4-2a0c35e87af1/element] with body: {"strategy":"xpath","selector":"//*[@text = 'Login']","context":"","multiple":false}
&amp#27;[35m[WD Proxy]&amp#27;[39m Got response with status 404: {"sessionId":"9be4f84e-4ba2-444b-b9a4-2a0c35e87af1","value":{"error":"no such element","message":"An element could not be located on the page using the given search parameters","stacktrace":"io.appium.uiautomator2.common.exceptions.ElementNotFoundException: An element could not be located on the page using the given search parameters\n\tat io.appium.uiautomator2.handler.FindElement.findElement(FindElement.java:89)\n\tat io.appium.uiautomator2.handler.FindElement.safeHandle(FindElement.java:66)\n\tat io.appium.uiautomator2.handler.request.SafeRequestHandler.handle(SafeRequestHandler.java:41)\n\tat io.appium.uiautomator2.server.AppiumServlet.handleRequest(AppiumServlet.java:262)\n\tat io.appium.uiautomator2.server.AppiumServlet.handleHttpRequest(AppiumServlet.java:256)\n\tat io.appium.uiautomator2.http.ServerHandler.channelRead(ServerHandler.java:68)\n\tat io.netty.channel.AbstractChannelHandlerContext.invokeChannelRead(AbstractChannelHandlerContext.java:366)\n\tat io.netty.channel.AbstractChannelHandlerCont...
[debug] &amp#27;[35m[W3C]&amp#27;[39m Matched W3C error code 'no such element' to NoSuchElementError
[debug] &amp#27;[35m[BaseDriver]&amp#27;[39m Waited for 1014 ms so far
[debug] &amp#27;[35m[WD Proxy]&amp#27;[39m Matched '/element' to command name 'findElement'
[debug] &amp#27;[35m[WD Proxy]&amp#27;[39m Proxying [POST /element] to [POST http://127.0.0.1:8200/wd/hub/session/9be4f84e-4ba2-444b-b9a4-2a0c35e87af1/element] with body: {"strategy":"xpath","selector":"//*[@text = 'Login']","context":"","multiple":false}
&amp#27;[35m[WD Proxy]&amp#27;[39m Got response with status 404: {"sessionId":"9be4f84e-4ba2-444b-b9a4-2a0c35e87af1","value":{"error":"no such element","message":"An element could not be located on the page using the given search parameters","stacktrace":"io.appium.uiautomator2.common.exceptions.ElementNotFoundException: An element could not be located on the page using the given search parameters\n\tat io.appium.uiautomator2.handler.FindElement.findElement(FindElement.java:89)\n\tat io.appium.uiautomator2.handler.FindElement.safeHandle(FindElement.java:66)\n\tat io.appium.uiautomator2.handler.request.SafeRequestHandler.handle(SafeRequestHandler.java:41)\n\tat io.appium.uiautomator2.server.AppiumServlet.handleRequest(AppiumServlet.java:262)\n\tat io.appium.uiautomator2.server.AppiumServlet.handleHttpRequest(AppiumServlet.java:256)\n\tat io.appium.uiautomator2.http.ServerHandler.channelRead(ServerHandler.java:68)\n\tat io.netty.channel.AbstractChannelHandlerContext.invokeChannelRead(AbstractChannelHandlerContext.java:366)\n\tat io.netty.channel.AbstractChannelHandlerCont...
[debug] &amp#27;[35m[W3C]&amp#27;[39m Matched W3C error code 'no such element' to NoSuchElementError
[debug] &amp#27;[35m[BaseDriver]&amp#27;[39m Waited for 1686 ms so far
[debug] &amp#27;[35m[WD Proxy]&amp#27;[39m Matched '/element' to command name 'findElement'
[debug] &amp#27;[35m[WD Proxy]&amp#27;[39m Proxying [POST /element] to [POST http://127.0.0.1:8200/wd/hub/session/9be4f84e-4ba2-444b-b9a4-2a0c35e87af1/element] with body: {"strategy":"xpath","selector":"//*[@text = 'Login']","context":"","multiple":false}
[debug] &amp#27;[35m[WD Proxy]&amp#27;[39m Got response with status 200: {"sessionId":"9be4f84e-4ba2-444b-b9a4-2a0c35e87af1","value":{"ELEMENT":"4e3bb6ce-eee1-4aa2-93c5-2330a9f1a110","element-6066-11e4-a52e-4f735466cecf":"4e3bb6ce-eee1-4aa2-93c5-2330a9f1a110"}}
[debug] &amp#27;[35m[W3C (6d3c7c61)]&amp#27;[39m Responding to client with driver.findElement() result: {"element-6066-11e4-a52e-4f735466cecf":"4e3bb6ce-eee1-4aa2-93c5-2330a9f1a110","ELEMENT":"4e3bb6ce-eee1-4aa2-93c5-2330a9f1a110"}
&amp#27;[35m[HTTP]&amp#27;[39m &amp#27;[37m<-- POST /wd/hub/session/6d3c7c61-cbde-4799-be99-d7bef51c20db/element &amp#27;[39m&amp#27;[32m200&amp#27;[39m &amp#27;[90m4109 ms - 137&amp#27;[39m
&amp#27;[35m[HTTP]&amp#27;[39m &amp#27;[90m&amp#27;[39m
&amp#27;[35m[HTTP]&amp#27;[39m &amp#27;[37m-->&amp#27;[39m &amp#27;[37mPOST&amp#27;[39m &amp#27;[37m/wd/hub/session/6d3c7c61-cbde-4799-be99-d7bef51c20db/element/4e3bb6ce-eee1-4aa2-93c5-2330a9f1a110/click&amp#27;[39m
&amp#27;[35m[HTTP]&amp#27;[39m &amp#27;[90m{"id":"4e3bb6ce-eee1-4aa2-93c5-2330a9f1a110"}&amp#27;[39m
[debug] &amp#27;[35m[W3C (6d3c7c61)]&amp#27;[39m Calling AppiumDriver.click() with args: ["4e3bb6ce-eee1-4aa2-93c5-2330a9f1a110","6d3c7c61-cbde-4799-be99-d7bef51c20db"]
[debug] &amp#27;[35m[WD Proxy]&amp#27;[39m Matched '/element/4e3bb6ce-eee1-4aa2-93c5-2330a9f1a110/click' to command name 'click'
[debug] &amp#27;[35m[WD Proxy]&amp#27;[39m Proxying [POST /element/4e3bb6ce-eee1-4aa2-93c5-2330a9f1a110/click] to [POST http://127.0.0.1:8200/wd/hub/session/9be4f84e-4ba2-444b-b9a4-2a0c35e87af1/element/4e3bb6ce-eee1-4aa2-93c5-2330a9f1a110/click] with body: {"element":"4e3bb6ce-eee1-4aa2-93c5-2330a9f1a110"}
[debug] &amp#27;[35m[WD Proxy]&amp#27;[39m Got response with status 200: {"sessionId":"9be4f84e-4ba2-444b-b9a4-2a0c35e87af1","value":null}
[debug] &amp#27;[35m[W3C (6d3c7c61)]&amp#27;[39m Responding to client with driver.click() result: null
&amp#27;[35m[HTTP]&amp#27;[39m &amp#27;[37m<-- POST /wd/hub/session/6d3c7c61-cbde-4799-be99-d7bef51c20db/element/4e3bb6ce-eee1-4aa2-93c5-2330a9f1a110/click &amp#27;[39m&amp#27;[32m200&amp#27;[39m &amp#27;[90m89 ms - 14&amp#27;[39m
&amp#27;[35m[HTTP]&amp#27;[39m &amp#27;[90m&amp#27;[39m
&amp#27;[35m[HTTP]&amp#27;[39m &amp#27;[37m-->&amp#27;[39m &amp#27;[37mGET&amp#27;[39m &amp#27;[37m/wd/hub/session/6d3c7c61-cbde-4799-be99-d7bef51c20db/context&amp#27;[39m
&amp#27;[35m[HTTP]&amp#27;[39m &amp#27;[90m{}&amp#27;[39m
[debug] &amp#27;[35m[W3C (6d3c7c61)]&amp#27;[39m Calling AppiumDriver.getCurrentContext() with args: ["6d3c7c61-cbde-4799-be99-d7bef51c20db"]
[debug] &amp#27;[35m[W3C (6d3c7c61)]&amp#27;[39m Responding to client with driver.getCurrentContext() result: "NATIVE_APP"
&amp#27;[35m[HTTP]&amp#27;[39m &amp#27;[37m<-- GET /wd/hub/session/6d3c7c61-cbde-4799-be99-d7bef51c20db/context &amp#27;[39m&amp#27;[32m200&amp#27;[39m &amp#27;[90m7 ms - 22&amp#27;[39m
&amp#27;[35m[HTTP]&amp#27;[39m &amp#27;[90m&amp#27;[39m
&amp#27;[35m[HTTP]&amp#27;[39m &amp#27;[37m-->&amp#27;[39m &amp#27;[37mPOST&amp#27;[39m &amp#27;[37m/wd/hub/session/6d3c7c61-cbde-4799-be99-d7bef51c20db/element&amp#27;[39m
&amp#27;[35m[HTTP]&amp#27;[39m &amp#27;[90m{"using":"xpath","value":"//*[@text = 'Email']"}&amp#27;[39m
[debug] &amp#27;[35m[W3C (6d3c7c61)]&amp#27;[39m Calling AppiumDriver.findElement() with args: ["xpath","//*[@text = 'Email']","6d3c7c61-cbde-4799-be99-d7bef51c20db"]
[debug] &amp#27;[35m[BaseDriver]&amp#27;[39m Valid locator strategies for this request: xpath, id, class name, accessibility id, css selector, -android uiautomator
[debug] &amp#27;[35m[BaseDriver]&amp#27;[39m Waiting up to 20000 ms for condition
[debug] &amp#27;[35m[WD Proxy]&amp#27;[39m Matched '/element' to command name 'findElement'
[debug] &amp#27;[35m[WD Proxy]&amp#27;[39m Proxying [POST /element] to [POST http://127.0.0.1:8200/wd/hub/session/9be4f84e-4ba2-444b-b9a4-2a0c35e87af1/element] with body: {"strategy":"xpath","selector":"//*[@text = 'Email']","context":"","multiple":false}
&amp#27;[35m[WD Proxy]&amp#27;[39m Got response with status 404: {"sessionId":"9be4f84e-4ba2-444b-b9a4-2a0c35e87af1","value":{"error":"no such element","message":"An element could not be located on the page using the given search parameters","stacktrace":"io.appium.uiautomator2.common.exceptions.ElementNotFoundException: An element could not be located on the page using the given search parameters\n\tat io.appium.uiautomator2.handler.FindElement.findElement(FindElement.java:89)\n\tat io.appium.uiautomator2.handler.FindElement.safeHandle(FindElement.java:66)\n\tat io.appium.uiautomator2.handler.request.SafeRequestHandler.handle(SafeRequestHandler.java:41)\n\tat io.appium.uiautomator2.server.AppiumServlet.handleRequest(AppiumServlet.java:262)\n\tat io.appium.uiautomator2.server.AppiumServlet.handleHttpRequest(AppiumServlet.java:256)\n\tat io.appium.uiautomator2.http.ServerHandler.channelRead(ServerHandler.java:68)\n\tat io.netty.channel.AbstractChannelHandlerContext.invokeChannelRead(AbstractChannelHandlerContext.java:366)\n\tat io.netty.channel.AbstractChannelHandlerCont...
[debug] &amp#27;[35m[W3C]&amp#27;[39m Matched W3C error code 'no such element' to NoSuchElementError
[debug] &amp#27;[35m[BaseDriver]&amp#27;[39m Waited for 499 ms so far
[debug] &amp#27;[35m[WD Proxy]&amp#27;[39m Matched '/element' to command name 'findElement'
[debug] &amp#27;[35m[WD Proxy]&amp#27;[39m Proxying [POST /element] to [POST http://127.0.0.1:8200/wd/hub/session/9be4f84e-4ba2-444b-b9a4-2a0c35e87af1/element] with body: {"strategy":"xpath","selector":"//*[@text = 'Email']","context":"","multiple":false}
[debug] &amp#27;[35m[WD Proxy]&amp#27;[39m Got response with status 200: {"sessionId":"9be4f84e-4ba2-444b-b9a4-2a0c35e87af1","value":{"ELEMENT":"85688b24-8f93-4809-a4df-9e73007ce474","element-6066-11e4-a52e-4f735466cecf":"85688b24-8f93-4809-a4df-9e73007ce474"}}
[debug] &amp#27;[35m[W3C (6d3c7c61)]&amp#27;[39m Responding to client with driver.findElement() result: {"element-6066-11e4-a52e-4f735466cecf":"85688b24-8f93-4809-a4df-9e73007ce474","ELEMENT":"85688b24-8f93-4809-a4df-9e73007ce474"}
&amp#27;[35m[HTTP]&amp#27;[39m &amp#27;[37m<-- POST /wd/hub/session/6d3c7c61-cbde-4799-be99-d7bef51c20db/element &amp#27;[39m&amp#27;[32m200&amp#27;[39m &amp#27;[90m1765 ms - 137&amp#27;[39m
&amp#27;[35m[HTTP]&amp#27;[39m &amp#27;[90m&amp#27;[39m
&amp#27;[35m[HTTP]&amp#27;[39m &amp#27;[37m-->&amp#27;[39m &amp#27;[37mPOST&amp#27;[39m &amp#27;[37m/wd/hub/session/6d3c7c61-cbde-4799-be99-d7bef51c20db/element/85688b24-8f93-4809-a4df-9e73007ce474/value&amp#27;[39m
&amp#27;[35m[HTTP]&amp#27;[39m &amp#27;[90m{"id":"85688b24-8f93-4809-a4df-9e73007ce474","text":"agencify@agent.com","value":["a","g","e","n","c","i","f","y","@","a","g","e","n","t",".","c","o","m"]}&amp#27;[39m
[debug] &amp#27;[35m[W3C (6d3c7c61)]&amp#27;[39m Calling AppiumDriver.setValue() with args: [["a","g","e","n","c","i","f","y","@","a","g","e","n","t",".","c","o","m"],"85688b24-8f93-4809-a4df-9e73007ce474","6d3c7c61-cbde-4799-be99-d7bef51c20db"]
[debug] &amp#27;[35m[WD Proxy]&amp#27;[39m Matched '/element/85688b24-8f93-4809-a4df-9e73007ce474/value' to command name 'setValue'
[debug] &amp#27;[35m[Protocol Converter]&amp#27;[39m Added 'value' property ["a","g","e","n","c","i","f","y","@","a","g","e","n","t",".","c","o","m"] to 'setValue' request body
[debug] &amp#27;[35m[WD Proxy]&amp#27;[39m Proxying [POST /element/85688b24-8f93-4809-a4df-9e73007ce474/value] to [POST http://127.0.0.1:8200/wd/hub/session/9be4f84e-4ba2-444b-b9a4-2a0c35e87af1/element/85688b24-8f93-4809-a4df-9e73007ce474/value] with body: {"elementId":"85688b24-8f93-4809-a4df-9e73007ce474","text":"agencify@agent.com","replace":false,"value":["a","g","e","n","c","i","f","y","@","a","g","e","n","t",".","c","o","m"]}
[debug] &amp#27;[35m[WD Proxy]&amp#27;[39m Got response with status 200: {"sessionId":"9be4f84e-4ba2-444b-b9a4-2a0c35e87af1","value":null}
[debug] &amp#27;[35m[W3C (6d3c7c61)]&amp#27;[39m Responding to client with driver.setValue() result: null
&amp#27;[35m[HTTP]&amp#27;[39m &amp#27;[37m<-- POST /wd/hub/session/6d3c7c61-cbde-4799-be99-d7bef51c20db/element/85688b24-8f93-4809-a4df-9e73007ce474/value &amp#27;[39m&amp#27;[32m200&amp#27;[39m &amp#27;[90m1689 ms - 14&amp#27;[39m
&amp#27;[35m[HTTP]&amp#27;[39m &amp#27;[90m&amp#27;[39m
&amp#27;[35m[HTTP]&amp#27;[39m &amp#27;[37m-->&amp#27;[39m &amp#27;[37mGET&amp#27;[39m &amp#27;[37m/wd/hub/session/6d3c7c61-cbde-4799-be99-d7bef51c20db/context&amp#27;[39m
&amp#27;[35m[HTTP]&amp#27;[39m &amp#27;[90m{}&amp#27;[39m
[debug] &amp#27;[35m[W3C (6d3c7c61)]&amp#27;[39m Calling AppiumDriver.getCurrentContext() with args: ["6d3c7c61-cbde-4799-be99-d7bef51c20db"]
[debug] &amp#27;[35m[W3C (6d3c7c61)]&amp#27;[39m Responding to client with driver.getCurrentContext() result: "NATIVE_APP"
&amp#27;[35m[HTTP]&amp#27;[39m &amp#27;[37m<-- GET /wd/hub/session/6d3c7c61-cbde-4799-be99-d7bef51c20db/context &amp#27;[39m&amp#27;[32m200&amp#27;[39m &amp#27;[90m2 ms - 22&amp#27;[39m
&amp#27;[35m[HTTP]&amp#27;[39m &amp#27;[90m&amp#27;[39m
&amp#27;[35m[HTTP]&amp#27;[39m &amp#27;[37m-->&amp#27;[39m &amp#27;[37mPOST&amp#27;[39m &amp#27;[37m/wd/hub/session/6d3c7c61-cbde-4799-be99-d7bef51c20db/element&amp#27;[39m
&amp#27;[35m[HTTP]&amp#27;[39m &amp#27;[90m{"using":"xpath","value":"//*[@text = 'Password']"}&amp#27;[39m
[debug] &amp#27;[35m[W3C (6d3c7c61)]&amp#27;[39m Calling AppiumDriver.findElement() with args: ["xpath","//*[@text = 'Password']","6d3c7c61-cbde-4799-be99-d7bef51c20db"]
[debug] &amp#27;[35m[BaseDriver]&amp#27;[39m Valid locator strategies for this request: xpath, id, class name, accessibility id, css selector, -android uiautomator
[debug] &amp#27;[35m[BaseDriver]&amp#27;[39m Waiting up to 20000 ms for condition
[debug] &amp#27;[35m[WD Proxy]&amp#27;[39m Matched '/element' to command name 'findElement'
[debug] &amp#27;[35m[WD Proxy]&amp#27;[39m Proxying [POST /element] to [POST http://127.0.0.1:8200/wd/hub/session/9be4f84e-4ba2-444b-b9a4-2a0c35e87af1/element] with body: {"strategy":"xpath","selector":"//*[@text = 'Password']","context":"","multiple":false}
[debug] &amp#27;[35m[WD Proxy]&amp#27;[39m Got response with status 200: {"sessionId":"9be4f84e-4ba2-444b-b9a4-2a0c35e87af1","value":{"ELEMENT":"dff6e5ee-b26c-4f73-b95f-3335876203c0","element-6066-11e4-a52e-4f735466cecf":"dff6e5ee-b26c-4f73-b95f-3335876203c0"}}
[debug] &amp#27;[35m[W3C (6d3c7c61)]&amp#27;[39m Responding to client with driver.findElement() result: {"element-6066-11e4-a52e-4f735466cecf":"dff6e5ee-b26c-4f73-b95f-3335876203c0","ELEMENT":"dff6e5ee-b26c-4f73-b95f-3335876203c0"}
&amp#27;[35m[HTTP]&amp#27;[39m &amp#27;[37m<-- POST /wd/hub/session/6d3c7c61-cbde-4799-be99-d7bef51c20db/element &amp#27;[39m&amp#27;[32m200&amp#27;[39m &amp#27;[90m1132 ms - 137&amp#27;[39m
&amp#27;[35m[HTTP]&amp#27;[39m &amp#27;[90m&amp#27;[39m
&amp#27;[35m[HTTP]&amp#27;[39m &amp#27;[37m-->&amp#27;[39m &amp#27;[37mPOST&amp#27;[39m &amp#27;[37m/wd/hub/session/6d3c7c61-cbde-4799-be99-d7bef51c20db/element/dff6e5ee-b26c-4f73-b95f-3335876203c0/value&amp#27;[39m
&amp#27;[35m[HTTP]&amp#27;[39m &amp#27;[90m{"id":"dff6e5ee-b26c-4f73-b95f-3335876203c0","text":"turnkey123","value":["t","u","r","n","k","e","y","1","2","3"]}&amp#27;[39m
[debug] &amp#27;[35m[W3C (6d3c7c61)]&amp#27;[39m Calling AppiumDriver.setValue() with args: [["t","u","r","n","k","e","y","1","2","3"],"dff6e5ee-b26c-4f73-b95f-3335876203c0","6d3c7c61-cbde-4799-be99-d7bef51c20db"]
[debug] &amp#27;[35m[WD Proxy]&amp#27;[39m Matched '/element/dff6e5ee-b26c-4f73-b95f-3335876203c0/value' to command name 'setValue'
[debug] &amp#27;[35m[Protocol Converter]&amp#27;[39m Added 'value' property ["t","u","r","n","k","e","y","1","2","3"] to 'setValue' request body
[debug] &amp#27;[35m[WD Proxy]&amp#27;[39m Proxying [POST /element/dff6e5ee-b26c-4f73-b95f-3335876203c0/value] to [POST http://127.0.0.1:8200/wd/hub/session/9be4f84e-4ba2-444b-b9a4-2a0c35e87af1/element/dff6e5ee-b26c-4f73-b95f-3335876203c0/value] with body: {"elementId":"dff6e5ee-b26c-4f73-b95f-3335876203c0","text":"turnkey123","replace":false,"value":["t","u","r","n","k","e","y","1","2","3"]}
[debug] &amp#27;[35m[WD Proxy]&amp#27;[39m Got response with status 200: {"sessionId":"9be4f84e-4ba2-444b-b9a4-2a0c35e87af1","value":null}
[debug] &amp#27;[35m[W3C (6d3c7c61)]&amp#27;[39m Responding to client with driver.setValue() result: null
&amp#27;[35m[HTTP]&amp#27;[39m &amp#27;[37m<-- POST /wd/hub/session/6d3c7c61-cbde-4799-be99-d7bef51c20db/element/dff6e5ee-b26c-4f73-b95f-3335876203c0/value &amp#27;[39m&amp#27;[32m200&amp#27;[39m &amp#27;[90m1651 ms - 14&amp#27;[39m
&amp#27;[35m[HTTP]&amp#27;[39m &amp#27;[90m&amp#27;[39m
&amp#27;[35m[HTTP]&amp#27;[39m &amp#27;[37m-->&amp#27;[39m &amp#27;[37mGET&amp#27;[39m &amp#27;[37m/wd/hub/session/6d3c7c61-cbde-4799-be99-d7bef51c20db/context&amp#27;[39m
&amp#27;[35m[HTTP]&amp#27;[39m &amp#27;[90m{}&amp#27;[39m
[debug] &amp#27;[35m[W3C (6d3c7c61)]&amp#27;[39m Calling AppiumDriver.getCurrentContext() with args: ["6d3c7c61-cbde-4799-be99-d7bef51c20db"]
[debug] &amp#27;[35m[W3C (6d3c7c61)]&amp#27;[39m Responding to client with driver.getCurrentContext() result: "NATIVE_APP"
&amp#27;[35m[HTTP]&amp#27;[39m &amp#27;[37m<-- GET /wd/hub/session/6d3c7c61-cbde-4799-be99-d7bef51c20db/context &amp#27;[39m&amp#27;[32m200&amp#27;[39m &amp#27;[90m8 ms - 22&amp#27;[39m
&amp#27;[35m[HTTP]&amp#27;[39m &amp#27;[90m&amp#27;[39m
&amp#27;[35m[HTTP]&amp#27;[39m &amp#27;[37m-->&amp#27;[39m &amp#27;[37mPOST&amp#27;[39m &amp#27;[37m/wd/hub/session/6d3c7c61-cbde-4799-be99-d7bef51c20db/element&amp#27;[39m
&amp#27;[35m[HTTP]&amp#27;[39m &amp#27;[90m{"using":"id","value":"com.turnkeyafrica.agencify:id/btn_sign_in"}&amp#27;[39m
[debug] &amp#27;[35m[W3C (6d3c7c61)]&amp#27;[39m Calling AppiumDriver.findElement() with args: ["id","com.turnkeyafrica.agencify:id/btn_sign_in","6d3c7c61-cbde-4799-be99-d7bef51c20db"]
[debug] &amp#27;[35m[BaseDriver]&amp#27;[39m Valid locator strategies for this request: xpath, id, class name, accessibility id, css selector, -android uiautomator
[debug] &amp#27;[35m[BaseDriver]&amp#27;[39m Waiting up to 20000 ms for condition
[debug] &amp#27;[35m[WD Proxy]&amp#27;[39m Matched '/element' to command name 'findElement'
[debug] &amp#27;[35m[WD Proxy]&amp#27;[39m Proxying [POST /element] to [POST http://127.0.0.1:8200/wd/hub/session/9be4f84e-4ba2-444b-b9a4-2a0c35e87af1/element] with body: {"strategy":"id","selector":"com.turnkeyafrica.agencify:id/btn_sign_in","context":"","multiple":false}
[debug] &amp#27;[35m[WD Proxy]&amp#27;[39m Got response with status 200: {"sessionId":"9be4f84e-4ba2-444b-b9a4-2a0c35e87af1","value":{"ELEMENT":"2d53b699-e1ca-48a2-85c8-70943047ae95","element-6066-11e4-a52e-4f735466cecf":"2d53b699-e1ca-48a2-85c8-70943047ae95"}}
[debug] &amp#27;[35m[W3C (6d3c7c61)]&amp#27;[39m Responding to client with driver.findElement() result: {"element-6066-11e4-a52e-4f735466cecf":"2d53b699-e1ca-48a2-85c8-70943047ae95","ELEMENT":"2d53b699-e1ca-48a2-85c8-70943047ae95"}
&amp#27;[35m[HTTP]&amp#27;[39m &amp#27;[37m<-- POST /wd/hub/session/6d3c7c61-cbde-4799-be99-d7bef51c20db/element &amp#27;[39m&amp#27;[32m200&amp#27;[39m &amp#27;[90m1054 ms - 137&amp#27;[39m
&amp#27;[35m[HTTP]&amp#27;[39m &amp#27;[90m&amp#27;[39m
&amp#27;[35m[HTTP]&amp#27;[39m &amp#27;[37m-->&amp#27;[39m &amp#27;[37mPOST&amp#27;[39m &amp#27;[37m/wd/hub/session/6d3c7c61-cbde-4799-be99-d7bef51c20db/element/2d53b699-e1ca-48a2-85c8-70943047ae95/click&amp#27;[39m
&amp#27;[35m[HTTP]&amp#27;[39m &amp#27;[90m{"id":"2d53b699-e1ca-48a2-85c8-70943047ae95"}&amp#27;[39m
[debug] &amp#27;[35m[W3C (6d3c7c61)]&amp#27;[39m Calling AppiumDriver.click() with args: ["2d53b699-e1ca-48a2-85c8-70943047ae95","6d3c7c61-cbde-4799-be99-d7bef51c20db"]
[debug] &amp#27;[35m[WD Proxy]&amp#27;[39m Matched '/element/2d53b699-e1ca-48a2-85c8-70943047ae95/click' to command name 'click'
[debug] &amp#27;[35m[WD Proxy]&amp#27;[39m Proxying [POST /element/2d53b699-e1ca-48a2-85c8-70943047ae95/click] to [POST http://127.0.0.1:8200/wd/hub/session/9be4f84e-4ba2-444b-b9a4-2a0c35e87af1/element/2d53b699-e1ca-48a2-85c8-70943047ae95/click] with body: {"element":"2d53b699-e1ca-48a2-85c8-70943047ae95"}
[debug] &amp#27;[35m[WD Proxy]&amp#27;[39m Got response with status 200: {"sessionId":"9be4f84e-4ba2-444b-b9a4-2a0c35e87af1","value":null}
[debug] &amp#27;[35m[W3C (6d3c7c61)]&amp#27;[39m Responding to client with driver.click() result: null
&amp#27;[35m[HTTP]&amp#27;[39m &amp#27;[37m<-- POST /wd/hub/session/6d3c7c61-cbde-4799-be99-d7bef51c20db/element/2d53b699-e1ca-48a2-85c8-70943047ae95/click &amp#27;[39m&amp#27;[32m200&amp#27;[39m &amp#27;[90m90 ms - 14&amp#27;[39m
&amp#27;[35m[HTTP]&amp#27;[39m &amp#27;[90m&amp#27;[39m
&amp#27;[35m[HTTP]&amp#27;[39m &amp#27;[37m-->&amp#27;[39m &amp#27;[37mGET&amp#27;[39m &amp#27;[37m/wd/hub/session/6d3c7c61-cbde-4799-be99-d7bef51c20db/context&amp#27;[39m
&amp#27;[35m[HTTP]&amp#27;[39m &amp#27;[90m{}&amp#27;[39m
[debug] &amp#27;[35m[W3C (6d3c7c61)]&amp#27;[39m Calling AppiumDriver.getCurrentContext() with args: ["6d3c7c61-cbde-4799-be99-d7bef51c20db"]
[debug] &amp#27;[35m[W3C (6d3c7c61)]&amp#27;[39m Responding to client with driver.getCurrentContext() result: "NATIVE_APP"
&amp#27;[35m[HTTP]&amp#27;[39m &amp#27;[37m<-- GET /wd/hub/session/6d3c7c61-cbde-4799-be99-d7bef51c20db/context &amp#27;[39m&amp#27;[32m200&amp#27;[39m &amp#27;[90m3 ms - 22&amp#27;[39m
&amp#27;[35m[HTTP]&amp#27;[39m &amp#27;[90m&amp#27;[39m
&amp#27;[35m[HTTP]&amp#27;[39m &amp#27;[37m-->&amp#27;[39m &amp#27;[37mPOST&amp#27;[39m &amp#27;[37m/wd/hub/session/6d3c7c61-cbde-4799-be99-d7bef51c20db/element&amp#27;[39m
&amp#27;[35m[HTTP]&amp#27;[39m &amp#27;[90m{"using":"id","value":"com.turnkeyafrica.agencify:id/profileImage"}&amp#27;[39m
[debug] &amp#27;[35m[W3C (6d3c7c61)]&amp#27;[39m Calling AppiumDriver.findElement() with args: ["id","com.turnkeyafrica.agencify:id/profileImage","6d3c7c61-cbde-4799-be99-d7bef51c20db"]
[debug] &amp#27;[35m[BaseDriver]&amp#27;[39m Valid locator strategies for this request: xpath, id, class name, accessibility id, css selector, -android uiautomator
[debug] &amp#27;[35m[BaseDriver]&amp#27;[39m Waiting up to 20000 ms for condition
[debug] &amp#27;[35m[WD Proxy]&amp#27;[39m Matched '/element' to command name 'findElement'
[debug] &amp#27;[35m[WD Proxy]&amp#27;[39m Proxying [POST /element] to [POST http://127.0.0.1:8200/wd/hub/session/9be4f84e-4ba2-444b-b9a4-2a0c35e87af1/element] with body: {"strategy":"id","selector":"com.turnkeyafrica.agencify:id/profileImage","context":"","multiple":false}
&amp#27;[35m[WD Proxy]&amp#27;[39m Got response with status 404: {"sessionId":"9be4f84e-4ba2-444b-b9a4-2a0c35e87af1","value":{"error":"no such element","message":"An element could not be located on the page using the given search parameters","stacktrace":"io.appium.uiautomator2.common.exceptions.ElementNotFoundException: An element could not be located on the page using the given search parameters\n\tat io.appium.uiautomator2.handler.FindElement.safeHandle(FindElement.java:68)\n\tat io.appium.uiautomator2.handler.request.SafeRequestHandler.handle(SafeRequestHandler.java:41)\n\tat io.appium.uiautomator2.server.AppiumServlet.handleRequest(AppiumServlet.java:262)\n\tat io.appium.uiautomator2.server.AppiumServlet.handleHttpRequest(AppiumServlet.java:256)\n\tat io.appium.uiautomator2.http.ServerHandler.channelRead(ServerHandler.java:68)\n\tat io.netty.channel.AbstractChannelHandlerContext.invokeChannelRead(AbstractChannelHandlerContext.java:366)\n\tat io.netty.channel.AbstractChannelHandlerContext.invokeChannelRead(AbstractChannelHandlerContext.java:352)\n\tat io.netty.chann...
[debug] &amp#27;[35m[W3C]&amp#27;[39m Matched W3C error code 'no such element' to NoSuchElementError
[debug] &amp#27;[35m[BaseDriver]&amp#27;[39m Waited for 109 ms so far
[debug] &amp#27;[35m[WD Proxy]&amp#27;[39m Matched '/element' to command name 'findElement'
[debug] &amp#27;[35m[WD Proxy]&amp#27;[39m Proxying [POST /element] to [POST http://127.0.0.1:8200/wd/hub/session/9be4f84e-4ba2-444b-b9a4-2a0c35e87af1/element] with body: {"strategy":"id","selector":"com.turnkeyafrica.agencify:id/profileImage","context":"","multiple":false}
&amp#27;[35m[WD Proxy]&amp#27;[39m Got response with status 404: {"sessionId":"9be4f84e-4ba2-444b-b9a4-2a0c35e87af1","value":{"error":"no such element","message":"An element could not be located on the page using the given search parameters","stacktrace":"io.appium.uiautomator2.common.exceptions.ElementNotFoundException: An element could not be located on the page using the given search parameters\n\tat io.appium.uiautomator2.handler.FindElement.safeHandle(FindElement.java:68)\n\tat io.appium.uiautomator2.handler.request.SafeRequestHandler.handle(SafeRequestHandler.java:41)\n\tat io.appium.uiautomator2.server.AppiumServlet.handleRequest(AppiumServlet.java:262)\n\tat io.appium.uiautomator2.server.AppiumServlet.handleHttpRequest(AppiumServlet.java:256)\n\tat io.appium.uiautomator2.http.ServerHandler.channelRead(ServerHandler.java:68)\n\tat io.netty.channel.AbstractChannelHandlerContext.invokeChannelRead(AbstractChannelHandlerContext.java:366)\n\tat io.netty.channel.AbstractChannelHandlerContext.invokeChannelRead(AbstractChannelHandlerContext.java:352)\n\tat io.netty.chann...
[debug] &amp#27;[35m[W3C]&amp#27;[39m Matched W3C error code 'no such element' to NoSuchElementError
[debug] &amp#27;[35m[BaseDriver]&amp#27;[39m Waited for 801 ms so far
[debug] &amp#27;[35m[WD Proxy]&amp#27;[39m Matched '/element' to command name 'findElement'
[debug] &amp#27;[35m[WD Proxy]&amp#27;[39m Proxying [POST /element] to [POST http://127.0.0.1:8200/wd/hub/session/9be4f84e-4ba2-444b-b9a4-2a0c35e87af1/element] with body: {"strategy":"id","selector":"com.turnkeyafrica.agencify:id/profileImage","context":"","multiple":false}
[debug] &amp#27;[35m[WD Proxy]&amp#27;[39m Got response with status 200: {"sessionId":"9be4f84e-4ba2-444b-b9a4-2a0c35e87af1","value":{"ELEMENT":"7fb2b64f-3268-418e-971b-7f18c221855e","element-6066-11e4-a52e-4f735466cecf":"7fb2b64f-3268-418e-971b-7f18c221855e"}}
[debug] &amp#27;[35m[W3C (6d3c7c61)]&amp#27;[39m Responding to client with driver.findElement() result: {"element-6066-11e4-a52e-4f735466cecf":"7fb2b64f-3268-418e-971b-7f18c221855e","ELEMENT":"7fb2b64f-3268-418e-971b-7f18c221855e"}
&amp#27;[35m[HTTP]&amp#27;[39m &amp#27;[37m<-- POST /wd/hub/session/6d3c7c61-cbde-4799-be99-d7bef51c20db/element &amp#27;[39m&amp#27;[32m200&amp#27;[39m &amp#27;[90m3772 ms - 137&amp#27;[39m
&amp#27;[35m[HTTP]&amp#27;[39m &amp#27;[90m&amp#27;[39m
&amp#27;[35m[HTTP]&amp#27;[39m &amp#27;[37m-->&amp#27;[39m &amp#27;[37mPOST&amp#27;[39m &amp#27;[37m/wd/hub/session/6d3c7c61-cbde-4799-be99-d7bef51c20db/element/7fb2b64f-3268-418e-971b-7f18c221855e/click&amp#27;[39m
&amp#27;[35m[HTTP]&amp#27;[39m &amp#27;[90m{"id":"7fb2b64f-3268-418e-971b-7f18c221855e"}&amp#27;[39m
[debug] &amp#27;[35m[W3C (6d3c7c61)]&amp#27;[39m Calling AppiumDriver.click() with args: ["7fb2b64f-3268-418e-971b-7f18c221855e","6d3c7c61-cbde-4799-be99-d7bef51c20db"]
[debug] &amp#27;[35m[WD Proxy]&amp#27;[39m Matched '/element/7fb2b64f-3268-418e-971b-7f18c221855e/click' to command name 'click'
[debug] &amp#27;[35m[WD Proxy]&amp#27;[39m Proxying [POST /element/7fb2b64f-3268-418e-971b-7f18c221855e/click] to [POST http://127.0.0.1:8200/wd/hub/session/9be4f84e-4ba2-444b-b9a4-2a0c35e87af1/element/7fb2b64f-3268-418e-971b-7f18c221855e/click] with body: {"element":"7fb2b64f-3268-418e-971b-7f18c221855e"}
[debug] &amp#27;[35m[WD Proxy]&amp#27;[39m Got response with status 200: {"sessionId":"9be4f84e-4ba2-444b-b9a4-2a0c35e87af1","value":null}
[debug] &amp#27;[35m[W3C (6d3c7c61)]&amp#27;[39m Responding to client with driver.click() result: null
&amp#27;[35m[HTTP]&amp#27;[39m &amp#27;[37m<-- POST /wd/hub/session/6d3c7c61-cbde-4799-be99-d7bef51c20db/element/7fb2b64f-3268-418e-971b-7f18c221855e/click &amp#27;[39m&amp#27;[32m200&amp#27;[39m &amp#27;[90m55 ms - 14&amp#27;[39m
&amp#27;[35m[HTTP]&amp#27;[39m &amp#27;[90m&amp#27;[39m
&amp#27;[35m[HTTP]&amp#27;[39m &amp#27;[37m-->&amp#27;[39m &amp#27;[37mGET&amp#27;[39m &amp#27;[37m/wd/hub/session/6d3c7c61-cbde-4799-be99-d7bef51c20db/context&amp#27;[39m
&amp#27;[35m[HTTP]&amp#27;[39m &amp#27;[90m{}&amp#27;[39m
[debug] &amp#27;[35m[W3C (6d3c7c61)]&amp#27;[39m Calling AppiumDriver.getCurrentContext() with args: ["6d3c7c61-cbde-4799-be99-d7bef51c20db"]
[debug] &amp#27;[35m[W3C (6d3c7c61)]&amp#27;[39m Responding to client with driver.getCurrentContext() result: "NATIVE_APP"
&amp#27;[35m[HTTP]&amp#27;[39m &amp#27;[37m<-- GET /wd/hub/session/6d3c7c61-cbde-4799-be99-d7bef51c20db/context &amp#27;[39m&amp#27;[32m200&amp#27;[39m &amp#27;[90m3 ms - 22&amp#27;[39m
&amp#27;[35m[HTTP]&amp#27;[39m &amp#27;[90m&amp#27;[39m
&amp#27;[35m[HTTP]&amp#27;[39m &amp#27;[37m-->&amp#27;[39m &amp#27;[37mPOST&amp#27;[39m &amp#27;[37m/wd/hub/session/6d3c7c61-cbde-4799-be99-d7bef51c20db/element&amp#27;[39m
&amp#27;[35m[HTTP]&amp#27;[39m &amp#27;[90m{"using":"class name","value":"android.view.View"}&amp#27;[39m
[debug] &amp#27;[35m[W3C (6d3c7c61)]&amp#27;[39m Calling AppiumDriver.findElement() with args: ["class name","android.view.View","6d3c7c61-cbde-4799-be99-d7bef51c20db"]
[debug] &amp#27;[35m[BaseDriver]&amp#27;[39m Valid locator strategies for this request: xpath, id, class name, accessibility id, css selector, -android uiautomator
[debug] &amp#27;[35m[BaseDriver]&amp#27;[39m Waiting up to 20000 ms for condition
[debug] &amp#27;[35m[WD Proxy]&amp#27;[39m Matched '/element' to command name 'findElement'
[debug] &amp#27;[35m[WD Proxy]&amp#27;[39m Proxying [POST /element] to [POST http://127.0.0.1:8200/wd/hub/session/9be4f84e-4ba2-444b-b9a4-2a0c35e87af1/element] with body: {"strategy":"class name","selector":"android.view.View","context":"","multiple":false}
[debug] &amp#27;[35m[WD Proxy]&amp#27;[39m Got response with status 200: {"sessionId":"9be4f84e-4ba2-444b-b9a4-2a0c35e87af1","value":{"ELEMENT":"aca3a57a-115b-4352-82cd-d3a6f054a752","element-6066-11e4-a52e-4f735466cecf":"aca3a57a-115b-4352-82cd-d3a6f054a752"}}
[debug] &amp#27;[35m[W3C (6d3c7c61)]&amp#27;[39m Responding to client with driver.findElement() result: {"element-6066-11e4-a52e-4f735466cecf":"aca3a57a-115b-4352-82cd-d3a6f054a752","ELEMENT":"aca3a57a-115b-4352-82cd-d3a6f054a752"}
&amp#27;[35m[HTTP]&amp#27;[39m &amp#27;[37m<-- POST /wd/hub/session/6d3c7c61-cbde-4799-be99-d7bef51c20db/element &amp#27;[39m&amp#27;[32m200&amp#27;[39m &amp#27;[90m1224 ms - 137&amp#27;[39m
&amp#27;[35m[HTTP]&amp#27;[39m &amp#27;[90m&amp#27;[39m
&amp#27;[35m[HTTP]&amp#27;[39m &amp#27;[37m-->&amp#27;[39m &amp#27;[37mPOST&amp#27;[39m &amp#27;[37m/wd/hub/session/6d3c7c61-cbde-4799-be99-d7bef51c20db/element/aca3a57a-115b-4352-82cd-d3a6f054a752/click&amp#27;[39m
&amp#27;[35m[HTTP]&amp#27;[39m &amp#27;[90m{"id":"aca3a57a-115b-4352-82cd-d3a6f054a752"}&amp#27;[39m
[debug] &amp#27;[35m[W3C (6d3c7c61)]&amp#27;[39m Calling AppiumDriver.click() with args: ["aca3a57a-115b-4352-82cd-d3a6f054a752","6d3c7c61-cbde-4799-be99-d7bef51c20db"]
[debug] &amp#27;[35m[WD Proxy]&amp#27;[39m Matched '/element/aca3a57a-115b-4352-82cd-d3a6f054a752/click' to command name 'click'
[debug] &amp#27;[35m[WD Proxy]&amp#27;[39m Proxying [POST /element/aca3a57a-115b-4352-82cd-d3a6f054a752/click] to [POST http://127.0.0.1:8200/wd/hub/session/9be4f84e-4ba2-444b-b9a4-2a0c35e87af1/element/aca3a57a-115b-4352-82cd-d3a6f054a752/click] with body: {"element":"aca3a57a-115b-4352-82cd-d3a6f054a752"}
[debug] &amp#27;[35m[WD Proxy]&amp#27;[39m Got response with status 200: {"sessionId":"9be4f84e-4ba2-444b-b9a4-2a0c35e87af1","value":null}
[debug] &amp#27;[35m[W3C (6d3c7c61)]&amp#27;[39m Responding to client with driver.click() result: null
&amp#27;[35m[HTTP]&amp#27;[39m &amp#27;[37m<-- POST /wd/hub/session/6d3c7c61-cbde-4799-be99-d7bef51c20db/element/aca3a57a-115b-4352-82cd-d3a6f054a752/click &amp#27;[39m&amp#27;[32m200&amp#27;[39m &amp#27;[90m897 ms - 14&amp#27;[39m
&amp#27;[35m[HTTP]&amp#27;[39m &amp#27;[90m&amp#27;[39m
&amp#27;[35m[HTTP]&amp#27;[39m &amp#27;[37m-->&amp#27;[39m &amp#27;[37mGET&amp#27;[39m &amp#27;[37m/wd/hub/status&amp#27;[39m
&amp#27;[35m[HTTP]&amp#27;[39m &amp#27;[90m{}&amp#27;[39m
[debug] &amp#27;[35m[GENERIC]&amp#27;[39m Calling AppiumDriver.getStatus() with args: []
[debug] &amp#27;[35m[GENERIC]&amp#27;[39m Responding to client with driver.getStatus() result: {"build":{"version":"1.21.0"}}
&amp#27;[35m[HTTP]&amp#27;[39m &amp#27;[37m<-- GET /wd/hub/status &amp#27;[39m&amp#27;[32m200&amp#27;[39m &amp#27;[90m2 ms - 68&amp#27;[39m
&amp#27;[35m[HTTP]&amp#27;[39m &amp#27;[90m&amp#27;[39m
]]></system-out>
    <system-err><![CDATA[Sep 13, 2021 2:50:28 PM io.appium.java_client.remote.AppiumCommandExecutor$1 lambda$0
INFO: Detected dialect: W3C
[main] WARN io.appium.java_client.service.local.AppiumDriverLocalService - No explicit timeout could be applied to the process termination
java.lang.NullPointerException
	at io.appium.java_client.service.local.AppiumDriverLocalService.destroyProcess(AppiumDriverLocalService.java:219)
	at io.appium.java_client.service.local.AppiumDriverLocalService.destroyProcess(AppiumDriverLocalService.java:234)
	at io.appium.java_client.service.local.AppiumDriverLocalService.stop(AppiumDriverLocalService.java:186)
	at Agencify.Login.Login(Login.java:60)
	at sun.reflect.NativeMethodAccessorImpl.invoke0(Native Method)
	at sun.reflect.NativeMethodAccessorImpl.invoke(NativeMethodAccessorImpl.java:62)
	at sun.reflect.DelegatingMethodAccessorImpl.invoke(DelegatingMethodAccessorImpl.java:43)
	at java.lang.reflect.Method.invoke(Method.java:498)
	at org.testng.internal.MethodInvocationHelper.invokeMethod(MethodInvocationHelper.java:124)
	at org.testng.internal.Invoker.invokeMethod(Invoker.java:583)
	at org.testng.internal.Invoker.invokeTestMethod(Invoker.java:719)
	at org.testng.internal.Invoker.invokeTestMethods(Invoker.java:989)
	at org.testng.internal.TestMethodWorker.invokeTestMethods(TestMethodWorker.java:125)
	at org.testng.internal.TestMethodWorker.run(TestMethodWorker.java:109)
	at org.testng.TestRunner.privateRun(TestRunner.java:648)
	at org.testng.TestRunner.run(TestRunner.java:505)
	at org.testng.SuiteRunner.runTest(SuiteRunner.java:455)
	at org.testng.SuiteRunner.runSequentially(SuiteRunner.java:450)
	at org.testng.SuiteRunner.privateRun(SuiteRunner.java:415)
	at org.testng.SuiteRunner.run(SuiteRunner.java:364)
	at org.testng.SuiteRunnerWorker.runSuite(SuiteRunnerWorker.java:52)
	at org.testng.SuiteRunnerWorker.run(SuiteRunnerWorker.java:84)
	at org.testng.TestNG.runSuitesSequentially(TestNG.java:1208)
	at org.testng.TestNG.runSuitesLocally(TestNG.java:1137)
	at org.testng.TestNG.runSuites(TestNG.java:1049)
	at org.testng.TestNG.run(TestNG.java:1017)
	at org.apache.maven.surefire.testng.TestNGExecutor.run(TestNGExecutor.java:284)
	at org.apache.maven.surefire.testng.TestNGXmlTestSuite.execute(TestNGXmlTestSuite.java:75)
	at org.apache.maven.surefire.testng.TestNGProvider.invoke(TestNGProvider.java:119)
	at org.apache.maven.surefire.booter.ForkedBooter.runSuitesInProcess(ForkedBooter.java:428)
	at org.apache.maven.surefire.booter.ForkedBooter.execute(ForkedBooter.java:162)
	at org.apache.maven.surefire.booter.ForkedBooter.run(ForkedBooter.java:562)
	at org.apache.maven.surefire.booter.ForkedBooter.main(ForkedBooter.java:548)
]]></system-err>
  </testcase>
  <testcase name="LoginWithNoEmail" classname="Agencify.Login" time="29.986">
    <system-out><![CDATA[&amp#27;[35m[HTTP]&amp#27;[39m &amp#27;[37m-->&amp#27;[39m &amp#27;[37mGET&amp#27;[39m &amp#27;[37m/wd/hub/status&amp#27;[39m
&amp#27;[35m[HTTP]&amp#27;[39m &amp#27;[90m{}&amp#27;[39m
[debug] &amp#27;[35m[GENERIC]&amp#27;[39m Calling AppiumDriver.getStatus() with args: []
[debug] &amp#27;[35m[GENERIC]&amp#27;[39m Responding to client with driver.getStatus() result: {"build":{"version":"1.21.0"}}
&amp#27;[35m[HTTP]&amp#27;[39m &amp#27;[37m<-- GET /wd/hub/status &amp#27;[39m&amp#27;[32m200&amp#27;[39m &amp#27;[90m2 ms - 68&amp#27;[39m
&amp#27;[35m[HTTP]&amp#27;[39m &amp#27;[90m&amp#27;[39m
&amp#27;[35m[Appium]&amp#27;[39m Welcome to Appium v1.21.0
&amp#27;[35m[HTTP]&amp#27;[39m Could not start REST http interface listener. The requested port may already be in use. Please make sure there is no other instance of this server running already.
Fatal Error: listen EADDRINUSE: address already in use 0.0.0.0:4723
    at Server.setupListenHandle [as _listen2] (net.js:1320:16)
    at listenInCluster (net.js:1368:12)
    at doListen (net.js:1505:7)
    at processTicksAndRejections (internal/process/task_queues.js:83:21)
&amp#27;[35m[HTTP]&amp#27;[39m &amp#27;[37m-->&amp#27;[39m &amp#27;[37mGET&amp#27;[39m &amp#27;[37m/wd/hub/status&amp#27;[39m
&amp#27;[35m[HTTP]&amp#27;[39m &amp#27;[90m{}&amp#27;[39m
[debug] &amp#27;[35m[GENERIC]&amp#27;[39m Calling AppiumDriver.getStatus() with args: []
[debug] &amp#27;[35m[GENERIC]&amp#27;[39m Responding to client with driver.getStatus() result: {"build":{"version":"1.21.0"}}
&amp#27;[35m[HTTP]&amp#27;[39m &amp#27;[37m<-- GET /wd/hub/status &amp#27;[39m&amp#27;[32m200&amp#27;[39m &amp#27;[90m2 ms - 68&amp#27;[39m
&amp#27;[35m[HTTP]&amp#27;[39m &amp#27;[90m&amp#27;[39m
[debug] &amp#27;[35m[HTTP]&amp#27;[39m Request idempotency key: 6d1b26c5-52b5-40a1-a649-da8277079c6c
&amp#27;[35m[HTTP]&amp#27;[39m &amp#27;[37m-->&amp#27;[39m &amp#27;[37mPOST&amp#27;[39m &amp#27;[37m/wd/hub/session&amp#27;[39m
&amp#27;[35m[HTTP]&amp#27;[39m &amp#27;[90m{"desiredCapabilities":{"app":"C:\\Users\\John Mumo\\Desktop\\Agencify_App\\Agencify_App_Test\\src\\Agencify-universal-dev.apk","automationName":"uiautomator2","platformName":"Android","deviceName":"Android Device"},"capabilities":{"firstMatch":[{"appium:app":"C:\\Users\\John Mumo\\Desktop\\Agencify_App\\Agencify_App_Test\\src\\Agencify-universal-dev.apk","appium:automationName":"uiautomator2","appium:deviceName":"Android Device","platformName":"android"}]}}&amp#27;[39m
[debug] &amp#27;[35m[W3C]&amp#27;[39m Calling AppiumDriver.createSession() with args: [{"app":"C:\\Users\\John Mumo\\Desktop\\Agencify_App\\Agencify_App_Test\\src\\Agencify-universal-dev.apk","automationName":"uiautomator2","platformName":"Android","deviceName":"Android Device"},null,{"firstMatch":[{"appium:app":"C:\\Users\\John Mumo\\Desktop\\Agencify_App\\Agencify_App_Test\\src\\Agencify-universal-dev.apk","appium:automationName":"uiautomator2","appium:deviceName":"Android Device","platformName":"android"}]}]
[debug] &amp#27;[35m[BaseDriver]&amp#27;[39m Event 'newSessionRequested' logged at 1631533851435 (14:50:51 GMT+0300 (East Africa Time))
&amp#27;[35m[Appium]&amp#27;[39m Appium v1.21.0 creating new AndroidUiautomator2Driver (v1.65.0) session
[debug] &amp#27;[35m[BaseDriver]&amp#27;[39m W3C capabilities and MJSONWP desired capabilities were provided
[debug] &amp#27;[35m[BaseDriver]&amp#27;[39m Creating session with W3C capabilities: {
[debug] &amp#27;[35m[BaseDriver]&amp#27;[39m   "alwaysMatch": {
[debug] &amp#27;[35m[BaseDriver]&amp#27;[39m     "platformName": "android",
[debug] &amp#27;[35m[BaseDriver]&amp#27;[39m     "appium:app": "C:\\Users\\John Mumo\\Desktop\\Agencify_App\\Agencify_App_Test\\src\\Agencify-universal-dev.apk",
[debug] &amp#27;[35m[BaseDriver]&amp#27;[39m     "appium:automationName": "uiautomator2",
[debug] &amp#27;[35m[BaseDriver]&amp#27;[39m     "appium:deviceName": "Android Device"
[debug] &amp#27;[35m[BaseDriver]&amp#27;[39m   },
[debug] &amp#27;[35m[BaseDriver]&amp#27;[39m   "firstMatch": [
[debug] &amp#27;[35m[BaseDriver]&amp#27;[39m     {}
[debug] &amp#27;[35m[BaseDriver]&amp#27;[39m   ]
[debug] &amp#27;[35m[BaseDriver]&amp#27;[39m }
&amp#27;[35m[BaseDriver]&amp#27;[39m Session created with session id: 8e9de9bc-9d9d-49c1-9bec-86fd82868b0c
&amp#27;[35m[BaseDriver]&amp#27;[39m Using local app 'C:\Users\John Mumo\Desktop\Agencify_App\Agencify_App_Test\src\Agencify-universal-dev.apk'
[debug] &amp#27;[35m[UiAutomator2]&amp#27;[39m Checking whether app is actually present
&amp#27;[35m[ADB]&amp#27;[39m Using 'adb.exe' from 'C:\Users\John Mumo\AppData\Local\Android\Sdk\platform-tools\adb.exe'
[debug] &amp#27;[35m[ADB]&amp#27;[39m Running 'C:\Users\John Mumo\AppData\Local\Android\Sdk\platform-tools\adb.exe -P 5037 start-server'
&amp#27;[35m[AndroidDriver]&amp#27;[39m Retrieving device list
[debug] &amp#27;[35m[ADB]&amp#27;[39m Trying to find a connected android device
[debug] &amp#27;[35m[ADB]&amp#27;[39m Getting connected devices
[debug] &amp#27;[35m[ADB]&amp#27;[39m Connected devices: [{"udid":"0329625863001980","state":"device"}]
&amp#27;[35m[AndroidDriver]&amp#27;[39m Using device: 0329625863001980
&amp#27;[35m[ADB]&amp#27;[39m Using 'adb.exe' from 'C:\Users\John Mumo\AppData\Local\Android\Sdk\platform-tools\adb.exe'
[debug] &amp#27;[35m[ADB]&amp#27;[39m Running 'C:\Users\John Mumo\AppData\Local\Android\Sdk\platform-tools\adb.exe -P 5037 start-server'
[debug] &amp#27;[35m[ADB]&amp#27;[39m Setting device id to 0329625863001980
[debug] &amp#27;[35m[ADB]&amp#27;[39m Running 'C:\Users\John Mumo\AppData\Local\Android\Sdk\platform-tools\adb.exe -P 5037 -s 0329625863001980 shell getprop ro.build.version.sdk'
[debug] &amp#27;[35m[ADB]&amp#27;[39m Current device property 'ro.build.version.sdk': 27
[debug] &amp#27;[35m[ADB]&amp#27;[39m Device API level: 27
[debug] &amp#27;[35m[AndroidDriver]&amp#27;[39m Parsing package and activity from app manifest
&amp#27;[35m[ADB]&amp#27;[39m Package name: 'com.turnkeyafrica.agencify'
&amp#27;[35m[ADB]&amp#27;[39m Main activity name: 'com.turnkeyafrica.agencify.ui.splash.Splash'
[debug] &amp#27;[35m[AndroidDriver]&amp#27;[39m Parsed package and activity are: com.turnkeyafrica.agencify/com.turnkeyafrica.agencify.ui.splash.Splash
[debug] &amp#27;[35m[ADB]&amp#27;[39m Running 'C:\Users\John Mumo\AppData\Local\Android\Sdk\platform-tools\adb.exe -P 5037 -s 0329625863001980 wait-for-device'
[debug] &amp#27;[35m[ADB]&amp#27;[39m Running 'C:\Users\John Mumo\AppData\Local\Android\Sdk\platform-tools\adb.exe -P 5037 -s 0329625863001980 shell echo ping'
[debug] &amp#27;[35m[AndroidDriver]&amp#27;[39m Pushing settings apk to device...
[debug] &amp#27;[35m[ADB]&amp#27;[39m Getting install status for io.appium.settings
[debug] &amp#27;[35m[ADB]&amp#27;[39m Running 'C:\Users\John Mumo\AppData\Local\Android\Sdk\platform-tools\adb.exe -P 5037 -s 0329625863001980 shell dumpsys package io.appium.settings'
[debug] &amp#27;[35m[ADB]&amp#27;[39m 'io.appium.settings' is installed
[debug] &amp#27;[35m[ADB]&amp#27;[39m Getting package info for 'io.appium.settings'
[debug] &amp#27;[35m[ADB]&amp#27;[39m Running 'C:\Users\John Mumo\AppData\Local\Android\Sdk\platform-tools\adb.exe -P 5037 -s 0329625863001980 shell dumpsys package io.appium.settings'
[debug] &amp#27;[35m[ADB]&amp#27;[39m The version name of the installed 'io.appium.settings' is greater or equal to the application version name ('3.3.0' >= '3.3.0')
[debug] &amp#27;[35m[ADB]&amp#27;[39m There is no need to install/upgrade 'C:\Users\John Mumo\AppData\Roaming\npm\node_modules\appium\node_modules\io.appium.settings\apks\settings_apk-debug.apk'
[debug] &amp#27;[35m[ADB]&amp#27;[39m Getting IDs of all 'io.appium.settings' processes
[debug] &amp#27;[35m[ADB]&amp#27;[39m Running 'C:\Users\John Mumo\AppData\Local\Android\Sdk\platform-tools\adb.exe -P 5037 -s 0329625863001980 shell 'pgrep --help; echo $?''
[debug] &amp#27;[35m[ADB]&amp#27;[39m Running 'C:\Users\John Mumo\AppData\Local\Android\Sdk\platform-tools\adb.exe -P 5037 -s 0329625863001980 shell pgrep -f \(\[\[:blank:\]\]\|\^\)io\.appium\.settings\(\[\[:blank:\]\]\|\$\)'
[debug] &amp#27;[35m[AndroidDriver]&amp#27;[39m io.appium.settings is already running. There is no need to reset its permissions.
[debug] &amp#27;[35m[ADB]&amp#27;[39m Running 'C:\Users\John Mumo\AppData\Local\Android\Sdk\platform-tools\adb.exe -P 5037 -s 0329625863001980 shell appops set io.appium.settings android:mock_location allow'
[debug] &amp#27;[35m[Logcat]&amp#27;[39m Starting logs capture with command: 'C:\\Users\\John Mumo\\AppData\\Local\\Android\\Sdk\\platform-tools\\adb.exe' -P 5037 -s 0329625863001980 logcat -v threadtime
[debug] &amp#27;[35m[UiAutomator2]&amp#27;[39m Forwarding UiAutomator2 Server port 6790 to local port 8201
[debug] &amp#27;[35m[ADB]&amp#27;[39m Forwarding system: 8201 to device: 6790
[debug] &amp#27;[35m[ADB]&amp#27;[39m Running 'C:\Users\John Mumo\AppData\Local\Android\Sdk\platform-tools\adb.exe -P 5037 -s 0329625863001980 forward tcp:8201 tcp:6790'
[debug] &amp#27;[35m[ADB]&amp#27;[39m Getting install status for io.appium.uiautomator2.server
[debug] &amp#27;[35m[ADB]&amp#27;[39m Running 'C:\Users\John Mumo\AppData\Local\Android\Sdk\platform-tools\adb.exe -P 5037 -s 0329625863001980 shell dumpsys package io.appium.uiautomator2.server'
[debug] &amp#27;[35m[ADB]&amp#27;[39m 'io.appium.uiautomator2.server' is installed
[debug] &amp#27;[35m[ADB]&amp#27;[39m Getting package info for 'io.appium.uiautomator2.server'
[debug] &amp#27;[35m[ADB]&amp#27;[39m Running 'C:\Users\John Mumo\AppData\Local\Android\Sdk\platform-tools\adb.exe -P 5037 -s 0329625863001980 shell dumpsys package io.appium.uiautomator2.server'
[debug] &amp#27;[35m[ADB]&amp#27;[39m The version name of the installed 'io.appium.uiautomator2.server' is greater or equal to the application version name ('4.21.1' >= '4.21.1')
[debug] &amp#27;[35m[UiAutomator2]&amp#27;[39m io.appium.uiautomator2.server installation state: sameVersionInstalled
[debug] &amp#27;[35m[ADB]&amp#27;[39m Checking app cert for C:\Users\John Mumo\AppData\Roaming\npm\node_modules\appium\node_modules\appium-uiautomator2-server\apks\appium-uiautomator2-server-v4.21.1.apk
&amp#27;[35m[ADB]&amp#27;[39m Using 'apksigner.jar' from 'C:\Users\John Mumo\AppData\Local\Android\Sdk\build-tools\31.0.0\lib\apksigner.jar'
[debug] &amp#27;[35m[ADB]&amp#27;[39m Starting apksigner: 'C:\\Program Files\\Java\\jdk1.8.0_301\\bin\\java.exe' -Xmx1024M -Xss1m -jar 'C:\\Users\\John Mumo\\AppData\\Local\\Android\\Sdk\\build-tools\\31.0.0\\lib\\apksigner.jar' verify --print-certs 'C:\\Users\\John Mumo\\AppData\\Roaming\\npm\\node_modules\\appium\\node_modules\\appium-uiautomator2-server\\apks\\appium-uiautomator2-server-v4.21.1.apk'
&amp#27;[35m[Appium]&amp#27;[39m Welcome to Appium v1.21.0
&amp#27;[35m[HTTP]&amp#27;[39m Could not start REST http interface listener. The requested port may already be in use. Please make sure there is no other instance of this server running already.
Fatal Error: listen EADDRINUSE: address already in use 0.0.0.0:4723
    at Server.setupListenHandle [as _listen2] (net.js:1320:16)
    at listenInCluster (net.js:1368:12)
    at doListen (net.js:1505:7)
    at processTicksAndRejections (internal/process/task_queues.js:83:21)
[debug] &amp#27;[35m[ADB]&amp#27;[39m apksigner stdout: Signer #1 certificate DN: EMAILADDRESS=android@android.com, CN=Android, OU=Android, O=Android, L=Mountain View, ST=California, C=US
[debug] &amp#27;[35m[ADB]&amp#27;[39m Signer #1 certificate SHA-256 digest: a40da80a59d170caa950cf15c18c454d47a39b26989d8b640ecd745ba71bf5dc
[debug] &amp#27;[35m[ADB]&amp#27;[39m Signer #1 certificate SHA-1 digest: 61ed377e85d386a8dfee6b864bd85b0bfaa5af81
[debug] &amp#27;[35m[ADB]&amp#27;[39m Signer #1 certificate MD5 digest: e89b158e4bcf988ebd09eb83f5378e87
[debug] &amp#27;[35m[ADB]&amp#27;[39m 
[debug] &amp#27;[35m[ADB]&amp#27;[39m sha256 hash did match for 'appium-uiautomator2-server-v4.21.1.apk'
&amp#27;[35m[ADB]&amp#27;[39m 'C:\Users\John Mumo\AppData\Roaming\npm\node_modules\appium\node_modules\appium-uiautomator2-server\apks\appium-uiautomator2-server-v4.21.1.apk' is signed with the default certificate
[debug] &amp#27;[35m[ADB]&amp#27;[39m Getting install status for io.appium.uiautomator2.server.test
[debug] &amp#27;[35m[ADB]&amp#27;[39m Running 'C:\Users\John Mumo\AppData\Local\Android\Sdk\platform-tools\adb.exe -P 5037 -s 0329625863001980 shell dumpsys package io.appium.uiautomator2.server.test'
[debug] &amp#27;[35m[ADB]&amp#27;[39m 'io.appium.uiautomator2.server.test' is installed
[debug] &amp#27;[35m[ADB]&amp#27;[39m Checking app cert for C:\Users\John Mumo\AppData\Roaming\npm\node_modules\appium\node_modules\appium-uiautomator2-server\apks\appium-uiautomator2-server-debug-androidTest.apk
[...]
&amp#27;[35m[HTTP]&amp#27;[39m &amp#27;[90m{}&amp#27;[39m
[debug] &amp#27;[35m[W3C (d1f02816)]&amp#27;[39m Calling AppiumDriver.getCurrentContext() with args: ["d1f02816-1d87-4777-afc8-4f179730fc9c"]
[debug] &amp#27;[35m[W3C (d1f02816)]&amp#27;[39m Responding to client with driver.getCurrentContext() result: "NATIVE_APP"
&amp#27;[35m[HTTP]&amp#27;[39m &amp#27;[37m<-- GET /wd/hub/session/d1f02816-1d87-4777-afc8-4f179730fc9c/context &amp#27;[39m&amp#27;[32m200&amp#27;[39m &amp#27;[90m5 ms - 22&amp#27;[39m
&amp#27;[35m[HTTP]&amp#27;[39m &amp#27;[90m&amp#27;[39m
&amp#27;[35m[HTTP]&amp#27;[39m &amp#27;[37m-->&amp#27;[39m &amp#27;[37mPOST&amp#27;[39m &amp#27;[37m/wd/hub/session/d1f02816-1d87-4777-afc8-4f179730fc9c/element&amp#27;[39m
&amp#27;[35m[HTTP]&amp#27;[39m &amp#27;[90m{"using":"id","value":"com.turnkeyafrica.agencify:id/password"}&amp#27;[39m
[debug] &amp#27;[35m[W3C (d1f02816)]&amp#27;[39m Calling AppiumDriver.findElement() with args: ["id","com.turnkeyafrica.agencify:id/password","d1f02816-1d87-4777-afc8-4f179730fc9c"]
[debug] &amp#27;[35m[BaseDriver]&amp#27;[39m Valid locator strategies for this request: xpath, id, class name, accessibility id, css selector, -android uiautomator
[debug] &amp#27;[35m[BaseDriver]&amp#27;[39m Waiting up to 20000 ms for condition
[debug] &amp#27;[35m[WD Proxy]&amp#27;[39m Matched '/element' to command name 'findElement'
[debug] &amp#27;[35m[WD Proxy]&amp#27;[39m Proxying [POST /element] to [POST http://127.0.0.1:8201/wd/hub/session/c7a18110-6c2e-447a-8c0f-da86dfcdc22c/element] with body: {"strategy":"id","selector":"com.turnkeyafrica.agencify:id/password","context":"","multiple":false}
[debug] &amp#27;[35m[WD Proxy]&amp#27;[39m Got response with status 200: {"sessionId":"c7a18110-6c2e-447a-8c0f-da86dfcdc22c","value":{"ELEMENT":"018a6c7e-5ce3-4393-a3bb-c3125698395c","element-6066-11e4-a52e-4f735466cecf":"018a6c7e-5ce3-4393-a3bb-c3125698395c"}}
[debug] &amp#27;[35m[W3C (d1f02816)]&amp#27;[39m Responding to client with driver.findElement() result: {"element-6066-11e4-a52e-4f735466cecf":"018a6c7e-5ce3-4393-a3bb-c3125698395c","ELEMENT":"018a6c7e-5ce3-4393-a3bb-c3125698395c"}
&amp#27;[35m[HTTP]&amp#27;[39m &amp#27;[37m<-- POST /wd/hub/session/d1f02816-1d87-4777-afc8-4f179730fc9c/element &amp#27;[39m&amp#27;[32m200&amp#27;[39m &amp#27;[90m866 ms - 137&amp#27;[39m
&amp#27;[35m[HTTP]&amp#27;[39m &amp#27;[90m&amp#27;[39m
&amp#27;[35m[HTTP]&amp#27;[39m &amp#27;[37m-->&amp#27;[39m &amp#27;[37mPOST&amp#27;[39m &amp#27;[37m/wd/hub/session/d1f02816-1d87-4777-afc8-4f179730fc9c/element/018a6c7e-5ce3-4393-a3bb-c3125698395c/value&amp#27;[39m
&amp#27;[35m[HTTP]&amp#27;[39m &amp#27;[90m{"id":"018a6c7e-5ce3-4393-a3bb-c3125698395c","text":"3360","value":["3","3","6","0"]}&amp#27;[39m
[debug] &amp#27;[35m[W3C (d1f02816)]&amp#27;[39m Calling AppiumDriver.setValue() with args: [["3","3","6","0"],"018a6c7e-5ce3-4393-a3bb-c3125698395c","d1f02816-1d87-4777-afc8-4f179730fc9c"]
[debug] &amp#27;[35m[WD Proxy]&amp#27;[39m Matched '/element/018a6c7e-5ce3-4393-a3bb-c3125698395c/value' to command name 'setValue'
[debug] &amp#27;[35m[Protocol Converter]&amp#27;[39m Added 'value' property ["3","3","6","0"] to 'setValue' request body
[debug] &amp#27;[35m[WD Proxy]&amp#27;[39m Proxying [POST /element/018a6c7e-5ce3-4393-a3bb-c3125698395c/value] to [POST http://127.0.0.1:8201/wd/hub/session/c7a18110-6c2e-447a-8c0f-da86dfcdc22c/element/018a6c7e-5ce3-4393-a3bb-c3125698395c/value] with body: {"elementId":"018a6c7e-5ce3-4393-a3bb-c3125698395c","text":"3360","replace":false,"value":["3","3","6","0"]}
[debug] &amp#27;[35m[WD Proxy]&amp#27;[39m Got response with status 200: {"sessionId":"c7a18110-6c2e-447a-8c0f-da86dfcdc22c","value":null}
[debug] &amp#27;[35m[W3C (d1f02816)]&amp#27;[39m Responding to client with driver.setValue() result: null
&amp#27;[35m[HTTP]&amp#27;[39m &amp#27;[37m<-- POST /wd/hub/session/d1f02816-1d87-4777-afc8-4f179730fc9c/element/018a6c7e-5ce3-4393-a3bb-c3125698395c/value &amp#27;[39m&amp#27;[32m200&amp#27;[39m &amp#27;[90m877 ms - 14&amp#27;[39m
&amp#27;[35m[HTTP]&amp#27;[39m &amp#27;[90m&amp#27;[39m
&amp#27;[35m[HTTP]&amp#27;[39m &amp#27;[37m-->&amp#27;[39m &amp#27;[37mPOST&amp#27;[39m &amp#27;[37m/wd/hub/session/d1f02816-1d87-4777-afc8-4f179730fc9c/element&amp#27;[39m
&amp#27;[35m[HTTP]&amp#27;[39m &amp#27;[90m{"using":"id","value":"com.turnkeyafrica.agencify:id/checkBox"}&amp#27;[39m
[debug] &amp#27;[35m[W3C (d1f02816)]&amp#27;[39m Calling AppiumDriver.findElement() with args: ["id","com.turnkeyafrica.agencify:id/checkBox","d1f02816-1d87-4777-afc8-4f179730fc9c"]
[debug] &amp#27;[35m[BaseDriver]&amp#27;[39m Valid locator strategies for this request: xpath, id, class name, accessibility id, css selector, -android uiautomator
[debug] &amp#27;[35m[BaseDriver]&amp#27;[39m Waiting up to 20000 ms for condition
[debug] &amp#27;[35m[WD Proxy]&amp#27;[39m Matched '/element' to command name 'findElement'
[debug] &amp#27;[35m[WD Proxy]&amp#27;[39m Proxying [POST /element] to [POST http://127.0.0.1:8201/wd/hub/session/c7a18110-6c2e-447a-8c0f-da86dfcdc22c/element] with body: {"strategy":"id","selector":"com.turnkeyafrica.agencify:id/checkBox","context":"","multiple":false}
[debug] &amp#27;[35m[WD Proxy]&amp#27;[39m Got response with status 200: {"sessionId":"c7a18110-6c2e-447a-8c0f-da86dfcdc22c","value":{"ELEMENT":"68e64403-1a78-4a1c-a986-0a5f4e971679","element-6066-11e4-a52e-4f735466cecf":"68e64403-1a78-4a1c-a986-0a5f4e971679"}}
[debug] &amp#27;[35m[W3C (d1f02816)]&amp#27;[39m Responding to client with driver.findElement() result: {"element-6066-11e4-a52e-4f735466cecf":"68e64403-1a78-4a1c-a986-0a5f4e971679","ELEMENT":"68e64403-1a78-4a1c-a986-0a5f4e971679"}
&amp#27;[35m[HTTP]&amp#27;[39m &amp#27;[37m<-- POST /wd/hub/session/d1f02816-1d87-4777-afc8-4f179730fc9c/element &amp#27;[39m&amp#27;[32m200&amp#27;[39m &amp#27;[90m1301 ms - 137&amp#27;[39m
&amp#27;[35m[HTTP]&amp#27;[39m &amp#27;[90m&amp#27;[39m
&amp#27;[35m[HTTP]&amp#27;[39m &amp#27;[37m-->&amp#27;[39m &amp#27;[37mPOST&amp#27;[39m &amp#27;[37m/wd/hub/session/d1f02816-1d87-4777-afc8-4f179730fc9c/touch/perform&amp#27;[39m
&amp#27;[35m[HTTP]&amp#27;[39m &amp#27;[90m{"actions":[{"action":"tap","options":{"element":"68e64403-1a78-4a1c-a986-0a5f4e971679"}}]}&amp#27;[39m
[debug] &amp#27;[35m[W3C (d1f02816)]&amp#27;[39m Calling AppiumDriver.performTouch() with args: [[{"action":"tap","options":{"element":"68e64403-1a78-4a1c-a986-0a5f4e971679"}}],"d1f02816-1d87-4777-afc8-4f179730fc9c"]
&amp#27;[35m[UiAutomator2]&amp#27;[39m calling get location: 68e64403-1a78-4a1c-a986-0a5f4e971679
[debug] &amp#27;[35m[WD Proxy]&amp#27;[39m Matched '/element/68e64403-1a78-4a1c-a986-0a5f4e971679/location' to command name 'getLocation'
[debug] &amp#27;[35m[WD Proxy]&amp#27;[39m Proxying [GET /element/68e64403-1a78-4a1c-a986-0a5f4e971679/location] to [GET http://127.0.0.1:8201/wd/hub/session/c7a18110-6c2e-447a-8c0f-da86dfcdc22c/element/68e64403-1a78-4a1c-a986-0a5f4e971679/location] with no body
[debug] &amp#27;[35m[WD Proxy]&amp#27;[39m Got response with status 200: {"sessionId":"c7a18110-6c2e-447a-8c0f-da86dfcdc22c","value":{"x":16,"y":665}}
[debug] &amp#27;[35m[WD Proxy]&amp#27;[39m Matched '/element/68e64403-1a78-4a1c-a986-0a5f4e971679/size' to command name 'getSize'
[debug] &amp#27;[35m[WD Proxy]&amp#27;[39m Proxying [GET /element/68e64403-1a78-4a1c-a986-0a5f4e971679/size] to [GET http://127.0.0.1:8201/wd/hub/session/c7a18110-6c2e-447a-8c0f-da86dfcdc22c/element/68e64403-1a78-4a1c-a986-0a5f4e971679/size] with no body
[debug] &amp#27;[35m[WD Proxy]&amp#27;[39m Got response with status 200: {"sessionId":"c7a18110-6c2e-447a-8c0f-da86dfcdc22c","value":{"height":96,"width":96}}
[debug] &amp#27;[35m[WD Proxy]&amp#27;[39m Proxying [POST /appium/tap] to [POST http://127.0.0.1:8201/wd/hub/session/c7a18110-6c2e-447a-8c0f-da86dfcdc22c/appium/tap] with body: {"x":64,"y":713,"undefined":null}
[debug] &amp#27;[35m[WD Proxy]&amp#27;[39m Got response with status 200: {"sessionId":"c7a18110-6c2e-447a-8c0f-da86dfcdc22c","value":null}
[debug] &amp#27;[35m[W3C (d1f02816)]&amp#27;[39m Responding to client with driver.performTouch() result: null
&amp#27;[35m[HTTP]&amp#27;[39m &amp#27;[37m<-- POST /wd/hub/session/d1f02816-1d87-4777-afc8-4f179730fc9c/touch/perform &amp#27;[39m&amp#27;[32m200&amp#27;[39m &amp#27;[90m931 ms - 14&amp#27;[39m
&amp#27;[35m[HTTP]&amp#27;[39m &amp#27;[90m&amp#27;[39m
&amp#27;[35m[HTTP]&amp#27;[39m &amp#27;[37m-->&amp#27;[39m &amp#27;[37mGET&amp#27;[39m &amp#27;[37m/wd/hub/session/d1f02816-1d87-4777-afc8-4f179730fc9c/context&amp#27;[39m
&amp#27;[35m[HTTP]&amp#27;[39m &amp#27;[90m{}&amp#27;[39m
[debug] &amp#27;[35m[W3C (d1f02816)]&amp#27;[39m Calling AppiumDriver.getCurrentContext() with args: ["d1f02816-1d87-4777-afc8-4f179730fc9c"]
[debug] &amp#27;[35m[W3C (d1f02816)]&amp#27;[39m Responding to client with driver.getCurrentContext() result: "NATIVE_APP"
&amp#27;[35m[HTTP]&amp#27;[39m &amp#27;[37m<-- GET /wd/hub/session/d1f02816-1d87-4777-afc8-4f179730fc9c/context &amp#27;[39m&amp#27;[32m200&amp#27;[39m &amp#27;[90m4 ms - 22&amp#27;[39m
&amp#27;[35m[HTTP]&amp#27;[39m &amp#27;[90m&amp#27;[39m
&amp#27;[35m[HTTP]&amp#27;[39m &amp#27;[37m-->&amp#27;[39m &amp#27;[37mPOST&amp#27;[39m &amp#27;[37m/wd/hub/session/d1f02816-1d87-4777-afc8-4f179730fc9c/element&amp#27;[39m
&amp#27;[35m[HTTP]&amp#27;[39m &amp#27;[90m{"using":"id","value":"com.turnkeyafrica.agencify:id/btn_sign_up"}&amp#27;[39m
[debug] &amp#27;[35m[W3C (d1f02816)]&amp#27;[39m Calling AppiumDriver.findElement() with args: ["id","com.turnkeyafrica.agencify:id/btn_sign_up","d1f02816-1d87-4777-afc8-4f179730fc9c"]
[debug] &amp#27;[35m[BaseDriver]&amp#27;[39m Valid locator strategies for this request: xpath, id, class name, accessibility id, css selector, -android uiautomator
[debug] &amp#27;[35m[BaseDriver]&amp#27;[39m Waiting up to 20000 ms for condition
[debug] &amp#27;[35m[WD Proxy]&amp#27;[39m Matched '/element' to command name 'findElement'
[debug] &amp#27;[35m[WD Proxy]&amp#27;[39m Proxying [POST /element] to [POST http://127.0.0.1:8201/wd/hub/session/c7a18110-6c2e-447a-8c0f-da86dfcdc22c/element] with body: {"strategy":"id","selector":"com.turnkeyafrica.agencify:id/btn_sign_up","context":"","multiple":false}
[debug] &amp#27;[35m[WD Proxy]&amp#27;[39m Got response with status 200: {"sessionId":"c7a18110-6c2e-447a-8c0f-da86dfcdc22c","value":{"ELEMENT":"4c6fbd24-654f-46df-84f0-3edd21670f66","element-6066-11e4-a52e-4f735466cecf":"4c6fbd24-654f-46df-84f0-3edd21670f66"}}
[debug] &amp#27;[35m[W3C (d1f02816)]&amp#27;[39m Responding to client with driver.findElement() result: {"element-6066-11e4-a52e-4f735466cecf":"4c6fbd24-654f-46df-84f0-3edd21670f66","ELEMENT":"4c6fbd24-654f-46df-84f0-3edd21670f66"}
&amp#27;[35m[HTTP]&amp#27;[39m &amp#27;[37m<-- POST /wd/hub/session/d1f02816-1d87-4777-afc8-4f179730fc9c/element &amp#27;[39m&amp#27;[32m200&amp#27;[39m &amp#27;[90m978 ms - 137&amp#27;[39m
&amp#27;[35m[HTTP]&amp#27;[39m &amp#27;[90m&amp#27;[39m
&amp#27;[35m[HTTP]&amp#27;[39m &amp#27;[37m-->&amp#27;[39m &amp#27;[37mPOST&amp#27;[39m &amp#27;[37m/wd/hub/session/d1f02816-1d87-4777-afc8-4f179730fc9c/element/4c6fbd24-654f-46df-84f0-3edd21670f66/click&amp#27;[39m
&amp#27;[35m[HTTP]&amp#27;[39m &amp#27;[90m{"id":"4c6fbd24-654f-46df-84f0-3edd21670f66"}&amp#27;[39m
[debug] &amp#27;[35m[W3C (d1f02816)]&amp#27;[39m Calling AppiumDriver.click() with args: ["4c6fbd24-654f-46df-84f0-3edd21670f66","d1f02816-1d87-4777-afc8-4f179730fc9c"]
[debug] &amp#27;[35m[WD Proxy]&amp#27;[39m Matched '/element/4c6fbd24-654f-46df-84f0-3edd21670f66/click' to command name 'click'
[debug] &amp#27;[35m[WD Proxy]&amp#27;[39m Proxying [POST /element/4c6fbd24-654f-46df-84f0-3edd21670f66/click] to [POST http://127.0.0.1:8201/wd/hub/session/c7a18110-6c2e-447a-8c0f-da86dfcdc22c/element/4c6fbd24-654f-46df-84f0-3edd21670f66/click] with body: {"element":"4c6fbd24-654f-46df-84f0-3edd21670f66"}
[debug] &amp#27;[35m[WD Proxy]&amp#27;[39m Got response with status 200: {"sessionId":"c7a18110-6c2e-447a-8c0f-da86dfcdc22c","value":null}
[debug] &amp#27;[35m[W3C (d1f02816)]&amp#27;[39m Responding to client with driver.click() result: null
&amp#27;[35m[HTTP]&amp#27;[39m &amp#27;[37m<-- POST /wd/hub/session/d1f02816-1d87-4777-afc8-4f179730fc9c/element/4c6fbd24-654f-46df-84f0-3edd21670f66/click &amp#27;[39m&amp#27;[32m200&amp#27;[39m &amp#27;[90m74 ms - 14&amp#27;[39m
&amp#27;[35m[HTTP]&amp#27;[39m &amp#27;[90m&amp#27;[39m
&amp#27;[35m[HTTP]&amp#27;[39m &amp#27;[37m-->&amp#27;[39m &amp#27;[37mGET&amp#27;[39m &amp#27;[37m/wd/hub/session/d1f02816-1d87-4777-afc8-4f179730fc9c/context&amp#27;[39m
&amp#27;[35m[HTTP]&amp#27;[39m &amp#27;[90m{}&amp#27;[39m
[debug] &amp#27;[35m[W3C (d1f02816)]&amp#27;[39m Calling AppiumDriver.getCurrentContext() with args: ["d1f02816-1d87-4777-afc8-4f179730fc9c"]
[debug] &amp#27;[35m[W3C (d1f02816)]&amp#27;[39m Responding to client with driver.getCurrentContext() result: "NATIVE_APP"
&amp#27;[35m[HTTP]&amp#27;[39m &amp#27;[37m<-- GET /wd/hub/session/d1f02816-1d87-4777-afc8-4f179730fc9c/context &amp#27;[39m&amp#27;[32m200&amp#27;[39m &amp#27;[90m3 ms - 22&amp#27;[39m
&amp#27;[35m[HTTP]&amp#27;[39m &amp#27;[90m&amp#27;[39m
&amp#27;[35m[HTTP]&amp#27;[39m &amp#27;[37m-->&amp#27;[39m &amp#27;[37mPOST&amp#27;[39m &amp#27;[37m/wd/hub/session/d1f02816-1d87-4777-afc8-4f179730fc9c/element&amp#27;[39m
&amp#27;[35m[HTTP]&amp#27;[39m &amp#27;[90m{"using":"id","value":"com.turnkeyafrica.agencify:id/textinput_error"}&amp#27;[39m
[debug] &amp#27;[35m[W3C (d1f02816)]&amp#27;[39m Calling AppiumDriver.findElement() with args: ["id","com.turnkeyafrica.agencify:id/textinput_error","d1f02816-1d87-4777-afc8-4f179730fc9c"]
[debug] &amp#27;[35m[BaseDriver]&amp#27;[39m Valid locator strategies for this request: xpath, id, class name, accessibility id, css selector, -android uiautomator
[debug] &amp#27;[35m[BaseDriver]&amp#27;[39m Waiting up to 20000 ms for condition
[debug] &amp#27;[35m[WD Proxy]&amp#27;[39m Matched '/element' to command name 'findElement'
[debug] &amp#27;[35m[WD Proxy]&amp#27;[39m Proxying [POST /element] to [POST http://127.0.0.1:8201/wd/hub/session/c7a18110-6c2e-447a-8c0f-da86dfcdc22c/element] with body: {"strategy":"id","selector":"com.turnkeyafrica.agencify:id/textinput_error","context":"","multiple":false}
[debug] &amp#27;[35m[WD Proxy]&amp#27;[39m Got response with status 200: {"sessionId":"c7a18110-6c2e-447a-8c0f-da86dfcdc22c","value":{"ELEMENT":"6865e147-cf0c-460f-976f-f07997313662","element-6066-11e4-a52e-4f735466cecf":"6865e147-cf0c-460f-976f-f07997313662"}}
[debug] &amp#27;[35m[W3C (d1f02816)]&amp#27;[39m Responding to client with driver.findElement() result: {"element-6066-11e4-a52e-4f735466cecf":"6865e147-cf0c-460f-976f-f07997313662","ELEMENT":"6865e147-cf0c-460f-976f-f07997313662"}
&amp#27;[35m[HTTP]&amp#27;[39m &amp#27;[37m<-- POST /wd/hub/session/d1f02816-1d87-4777-afc8-4f179730fc9c/element &amp#27;[39m&amp#27;[32m200&amp#27;[39m &amp#27;[90m963 ms - 137&amp#27;[39m
&amp#27;[35m[HTTP]&amp#27;[39m &amp#27;[90m&amp#27;[39m
&amp#27;[35m[HTTP]&amp#27;[39m &amp#27;[37m-->&amp#27;[39m &amp#27;[37mGET&amp#27;[39m &amp#27;[37m/wd/hub/session/d1f02816-1d87-4777-afc8-4f179730fc9c/element/6865e147-cf0c-460f-976f-f07997313662/text&amp#27;[39m
&amp#27;[35m[HTTP]&amp#27;[39m &amp#27;[90m{}&amp#27;[39m
&amp#27;[35m[W3C (d1f02816)]&amp#27;[39m Driver proxy active, passing request on via HTTP proxy
[debug] &amp#27;[35m[WD Proxy]&amp#27;[39m Matched '/wd/hub/session/d1f02816-1d87-4777-afc8-4f179730fc9c/element/6865e147-cf0c-460f-976f-f07997313662/text' to command name 'getText'
[debug] &amp#27;[35m[WD Proxy]&amp#27;[39m Proxying [GET /wd/hub/session/d1f02816-1d87-4777-afc8-4f179730fc9c/element/6865e147-cf0c-460f-976f-f07997313662/text] to [GET http://127.0.0.1:8201/wd/hub/session/c7a18110-6c2e-447a-8c0f-da86dfcdc22c/element/6865e147-cf0c-460f-976f-f07997313662/text] with no body
[debug] &amp#27;[35m[WD Proxy]&amp#27;[39m Got response with status 200: {"sessionId":"c7a18110-6c2e-447a-8c0f-da86dfcdc22c","value":"Password must be at least 8 characters"}
&amp#27;[35m[WD Proxy]&amp#27;[39m Replacing sessionId c7a18110-6c2e-447a-8c0f-da86dfcdc22c with d1f02816-1d87-4777-afc8-4f179730fc9c
&amp#27;[35m[HTTP]&amp#27;[39m &amp#27;[37m<-- GET /wd/hub/session/d1f02816-1d87-4777-afc8-4f179730fc9c/element/6865e147-cf0c-460f-976f-f07997313662/text &amp#27;[39m&amp#27;[32m200&amp#27;[39m &amp#27;[90m831 ms - 101&amp#27;[39m
&amp#27;[35m[HTTP]&amp#27;[39m &amp#27;[90m&amp#27;[39m
&amp#27;[35m[HTTP]&amp#27;[39m &amp#27;[37m-->&amp#27;[39m &amp#27;[37mGET&amp#27;[39m &amp#27;[37m/wd/hub/status&amp#27;[39m
&amp#27;[35m[HTTP]&amp#27;[39m &amp#27;[90m{}&amp#27;[39m
[debug] &amp#27;[35m[GENERIC]&amp#27;[39m Calling AppiumDriver.getStatus() with args: []
[debug] &amp#27;[35m[GENERIC]&amp#27;[39m Responding to client with driver.getStatus() result: {"build":{"version":"1.21.0"}}
&amp#27;[35m[HTTP]&amp#27;[39m &amp#27;[37m<-- GET /wd/hub/status &amp#27;[39m&amp#27;[32m200&amp#27;[39m &amp#27;[90m2 ms - 68&amp#27;[39m
&amp#27;[35m[HTTP]&amp#27;[39m &amp#27;[90m&amp#27;[39m
]]></system-out>
    <system-err><![CDATA[Sep 13, 2021 2:55:12 PM io.appium.java_client.remote.AppiumCommandExecutor$1 lambda$0
INFO: Detected dialect: W3C
[main] WARN io.appium.java_client.service.local.AppiumDriverLocalService - No explicit timeout could be applied to the process termination
java.lang.NullPointerException
	at io.appium.java_client.service.local.AppiumDriverLocalService.destroyProcess(AppiumDriverLocalService.java:219)
	at io.appium.java_client.service.local.AppiumDriverLocalService.destroyProcess(AppiumDriverLocalService.java:234)
	at io.appium.java_client.service.local.AppiumDriverLocalService.stop(AppiumDriverLocalService.java:186)
	at Agencify.SignUp.SignUpWithWithShortPassWord(SignUp.java:97)
	at sun.reflect.NativeMethodAccessorImpl.invoke0(Native Method)
	at sun.reflect.NativeMethodAccessorImpl.invoke(NativeMethodAccessorImpl.java:62)
	at sun.reflect.DelegatingMethodAccessorImpl.invoke(DelegatingMethodAccessorImpl.java:43)
	at java.lang.reflect.Method.invoke(Method.java:498)
	at org.testng.internal.MethodInvocationHelper.invokeMethod(MethodInvocationHelper.java:124)
	at org.testng.internal.Invoker.invokeMethod(Invoker.java:583)
	at org.testng.internal.Invoker.invokeTestMethod(Invoker.java:719)
	at org.testng.internal.Invoker.invokeTestMethods(Invoker.java:989)
	at org.testng.internal.TestMethodWorker.invokeTestMethods(TestMethodWorker.java:125)
	at org.testng.internal.TestMethodWorker.run(TestMethodWorker.java:109)
	at org.testng.TestRunner.privateRun(TestRunner.java:648)
	at org.testng.TestRunner.run(TestRunner.java:505)
	at org.testng.SuiteRunner.runTest(SuiteRunner.java:455)
	at org.testng.SuiteRunner.runSequentially(SuiteRunner.java:450)
	at org.testng.SuiteRunner.privateRun(SuiteRunner.java:415)
	at org.testng.SuiteRunner.run(SuiteRunner.java:364)
	at org.testng.SuiteRunnerWorker.runSuite(SuiteRunnerWorker.java:52)
	at org.testng.SuiteRunnerWorker.run(SuiteRunnerWorker.java:84)
	at org.testng.TestNG.runSuitesSequentially(TestNG.java:1208)
	at org.testng.TestNG.runSuitesLocally(TestNG.java:1137)
	at org.testng.TestNG.runSuites(TestNG.java:1049)
	at org.testng.TestNG.run(TestNG.java:1017)
	at org.apache.maven.surefire.testng.TestNGExecutor.run(TestNGExecutor.java:284)
	at org.apache.maven.surefire.testng.TestNGXmlTestSuite.execute(TestNGXmlTestSuite.java:75)
	at org.apache.maven.surefire.testng.TestNGProvider.invoke(TestNGProvider.java:119)
	at org.apache.maven.surefire.booter.ForkedBooter.runSuitesInProcess(ForkedBooter.java:428)
	at org.apache.maven.surefire.booter.ForkedBooter.execute(ForkedBooter.java:162)
	at org.apache.maven.surefire.booter.ForkedBooter.run(ForkedBooter.java:562)
	at org.apache.maven.surefire.booter.ForkedBooter.main(ForkedBooter.java:548)
]]></system-err>
  </testcase>
</testsuite>